[00:25:33.518] ===== METHOD DUMP BEGIN =====
[00:25:33.520] -- SBFluidSwitcherItemContainerHeaderView (super: UIView) --
[00:25:33.521]   +distanceFromBoundingLeadingEdgeToIconTrailingEdge
[00:25:33.522]   -.cxx_destruct | v16@0:8
[00:25:33.523]   -_applyPrototypeSettings | v16@0:8
[00:25:33.524]   -_contentSizeCategoryDidChangeNotification: | v24@0:8@16
[00:25:33.524]   -_handleTapGestureRecognizer: | v24@0:8@16
[00:25:33.525]   -_makeMultipleWindowsIndicatorView | @16@0:8
[00:25:33.526]   -_multiWindowIndicatorAccessibilityIdentifierForDisplayItem: | @24@0:8@16
[00:25:33.527]   -_subtitleLabelFont | @16@0:8
[00:25:33.527]   -_titleLabelFont | @16@0:8
[00:25:33.528]   -_updateTitleAlpha | v16@0:8
[00:25:33.529]   -_updateVisualStylingWithTitleItems: | v24@0:8@16
[00:25:33.530]   -dealloc | v16@0:8
[00:25:33.530]   -delegate | @16@0:8
[00:25:33.531]   -initWithFrame:delegate: | @56@0:8{CGRect={CGPoint=dd}{CGSize=dd}}16@48
[00:25:33.532]   -layoutSubviews | v16@0:8
[00:25:33.533]   -preferredHeaderHeight | d16@0:8
[00:25:33.534]   -setTextAlpha: | v24@0:8d16
[00:25:33.534]   -setTitleItems: | v24@0:8@16
[00:25:33.535]   -setTitleItems:animated: | v28@0:8@16B24
[00:25:33.536]   -settings:changedValueForKey: | v32@0:8@16@24
[00:25:33.537]   -textAlpha | d16@0:8
[00:25:33.538]   -titleItems | @16@0:8
[00:25:33.538]   @property delegate
[00:25:33.539]   @property preferredHeaderHeight
[00:25:33.540]   @property textAlpha
[00:25:33.541]   @property titleItems
[00:25:33.542]   @property hash
[00:25:33.542]   @property superclass
[00:25:33.543]   @property description
[00:25:33.544]   @property debugDescription
[00:25:33.548] -- SBFluidSwitcherItemContainerFooterView (super: SBFTouchPassThroughView) --
[00:25:33.551]   -.cxx_destruct | v16@0:8
[00:25:33.553]   -_attributedTextFromText: | @24@0:8@16
[00:25:33.553]   -_contentSizeCategoryDidChange: | v24@0:8@16
[00:25:33.554]   -_handleTapGestureRecognizer: | v24@0:8@16
[00:25:33.555]   -_hasTitleShadow | B16@0:8
[00:25:33.556]   -_isTextEffectivelyEmpty: | B24@0:8@16
[00:25:33.557]   -_makeIconView | @16@0:8
[00:25:33.557]   -_makeLabel | @16@0:8
[00:25:33.558]   -_makeSubtitleLabel | @16@0:8
[00:25:33.559]   -_maximumTitleLabelHeight | d16@0:8
[00:25:33.560]   -_reloadVisibleTitleItems | v16@0:8
[00:25:33.560]   -_updateIconPointerInteractions | v16@0:8
[00:25:33.561]   -_updateIconViewShadow: | v24@0:8@16
[00:25:33.562]   -_updateIconViewsAndLabels | v16@0:8
[00:25:33.563]   -_updateLabels | v16@0:8
[00:25:33.564]   -_updateSubtitleLabel | v16@0:8
[00:25:33.564]   -dealloc | v16@0:8
[00:25:33.565]   -delegate | @16@0:8
[00:25:33.566]   -footerStyle | Q16@0:8
[00:25:33.567]   -iconAlignment | Q16@0:8
[00:25:33.568]   -iconHitTestOutset | d16@0:8
[00:25:33.569]   -initWithFrame:delegate: | @56@0:8{CGRect={CGPoint=dd}{CGSize=dd}}16@48
[00:25:33.569]   -intrinsicContentSize | {CGSize=dd}16@0:8
[00:25:33.569]   -layoutSubviews | v16@0:8
[00:25:33.570]   -pointInside:withEvent: | B40@0:8{CGPoint=dd}16@32
[00:25:33.570]   -pointerInteraction:regionForRequest:defaultRegion: | @40@0:8@16@24@32
[00:25:33.570]   -pointerInteraction:styleForRegion: | @32@0:8@16@24
[00:25:33.571]   -setFooterStyle: | v24@0:8Q16
[00:25:33.571]   -setIconAlignment: | v24@0:8Q16
[00:25:33.571]   -setIconHitTestOutset: | v24@0:8d16
[00:25:33.571]   -setTextAlpha: | v24@0:8d16
[00:25:33.572]   -setTitleItems:animated: | v28@0:8@16B24
[00:25:33.572]   -setUniqueIconsOnly: | v20@0:8B16
[00:25:33.572]   -setWantsIconPointerInteractions: | v20@0:8B16
[00:25:33.573]   -settings:changedValueForKey: | v32@0:8@16@24
[00:25:33.573]   -textAlpha | d16@0:8
[00:25:33.573]   -uniqueIconsOnly | B16@0:8
[00:25:33.573]   -wantsIconPointerInteractions | B16@0:8
[00:25:33.574]   @property delegate
[00:25:33.574]   @property footerStyle
[00:25:33.574]   @property textAlpha
[00:25:33.574]   @property iconAlignment
[00:25:33.575]   @property uniqueIconsOnly
[00:25:33.576]   @property wantsIconPointerInteractions
[00:25:33.576]   @property iconHitTestOutset
[00:25:33.576]   @property hash
[00:25:33.578]   @property superclass
[00:25:33.578]   @property description
[00:25:33.579]   @property debugDescription
[00:25:33.579] -- SBFluidSwitcherIconImageContainerView (super: UIView) --
[00:25:33.579]   -.cxx_destruct | v16@0:8
[00:25:33.580]   -_configureIconImageView: | v24@0:8@16
[00:25:33.580]   -_crossfadeToImage: | v24@0:8@16
[00:25:33.580]   -didMoveToWindow | v16@0:8
[00:25:33.581]   -image | @16@0:8
[00:25:33.581]   -initWithFrame: | @48@0:8{CGRect={CGPoint=dd}{CGSize=dd}}16
[00:25:33.581]   -layoutSubviews | v16@0:8
[00:25:33.581]   -setImage: | v24@0:8@16
[00:25:33.582]   -setImage:animated: | v28@0:8@16B24
[00:25:33.582]   @property image
[00:25:33.582] -- SBDeckSwitcherViewController (super: SBFluidSwitcherViewController) --
[00:25:33.583]   +getInstance
[00:25:33.584]   -.cxx_destruct | v16@0:8
[00:25:33.584]   -_assertionReason | @16@0:8
[00:25:33.584]   -_setBestAppSuggestion:animationCompletion: | v32@0:8@16@?24
[00:25:33.585]   -appSuggestionController | @16@0:8
[00:25:33.585]   -appSuggestionManager | @16@0:8
[00:25:33.585]   -bestAppSuggestion | @16@0:8
[00:25:33.585]   -handleFluidSwitcherGestureManager:didBeginGesture: | v32@0:8@16@24
[00:25:33.586]   -initWithSwitcherController:rootModifier:liveContentOverlayCoordinator:delegate:dataSource:shouldObserveChamoisWindowingChanges:debugName: | @68@0:8@16@24@32@40@48B56@60
[00:25:33.586]   -invalidate | v16@0:8
[00:25:33.586]   -layoutStateTransitionCoordinator:transitionDidBeginWithTransitionContext: | v32@0:8@16@24
[00:25:33.587]   -layoutStateTransitionCoordinator:transitionDidEndWithTransitionContext: | v32@0:8@16@24
[00:25:33.587]   -orientationForSuggestionViewController: | q24@0:8@16
[00:25:33.587]   -performTransitionWithContext:animated:completion: | v36@0:8@16B24@?28
[00:25:33.587]   -scrollViewDidScroll: | v@:@
[00:25:33.588]   -setAppSuggestionController: | v24@0:8@16
[00:25:33.588]   -setAppSuggestionManager: | v24@0:8@16
[00:25:33.588]   -setBestAppSuggestion: | v24@0:8@16
[00:25:33.589]   -suggestionViewController:activatedSuggestion: | v32@0:8@16@24
[00:25:33.589]   -viewDidAppear: | v20@0:8B16
[00:25:33.589]   -viewDidLayoutSubviews | v16@0:8
[00:25:33.589]   -viewDidLoad | v16@0:8
[00:25:33.590]   -viewWillLayoutSubviews | v16@0:8
[00:25:33.590]   @property appSuggestionController
[00:25:33.590]   @property appSuggestionManager
[00:25:33.591]   @property hash
[00:25:33.591]   @property superclass
[00:25:33.591]   @property description
[00:25:33.591]   @property debugDescription
[00:25:33.592] -- SBWallpaperController (super: NSObject) --
[00:25:33.594]   +accessAuthenticator
[00:25:33.594]   +sharedInstance
[00:25:33.594]   -.cxx_destruct | v16@0:8
[00:25:33.595]   -_WallpaperOrientationNotForYou | q16@0:8
[00:25:33.595]   -_activePostersDidChange: | v24@0:8@16
[00:25:33.595]   -_applicationDidFinishLaunching: | v24@0:8@16
[00:25:33.595]   -_batterySaverModeChanged: | v24@0:8@16
[00:25:33.596]   -_forceUpdateToSpringBoardInterfaceOrientationWithAnimationDuration: | v24@0:8d16
[00:25:33.596]   -_ingestPrimaryWallpaperLayersSnapshotIOSurface:floatingWallpaperLayerSnapshotIOSurface:snapshotScale:traitCollection:withCompletion: | v56@0:8@16@24d32@40@?48
[00:25:33.596]   -_isAcceptingOrientationChangesFromSource: | B24@0:8q16
[00:25:33.596]   -_kickPosterBoard | v16@0:8
[00:25:33.597]   -_motionEffectsChanged | v16@0:8
[00:25:33.597]   -_noteSignificantTimeChanged: | v24@0:8@16
[00:25:33.597]   -_posterBoardServiceDied: | v24@0:8@16
[00:25:33.598]   -_posterConfigurationAssociatedConfigurationDidChange: | v24@0:8@16
[00:25:33.598]   -_posterDidUpdate: | v24@0:8@16
[00:25:33.598]   -_reloadWallpaperAndFlushCaches:completionHandler: | v28@0:8B16@?20
[00:25:33.598]   -_saveWallpaperAggdKeysForLocations:withConfiguration: | v32@0:8q16@24
[00:25:33.599]   -_saveWallpaperCoreAnalyticsForLocations:withConfiguration: | v32@0:8q16@24
[00:25:33.599]   -_screenBoundsForOrientation: | {CGRect={CGPoint=dd}{CGSize=dd}}24@0:8q16
[00:25:33.599]   -_setupPosterBoardServiceNotifications | v16@0:8
[00:25:33.600]   -_snapshotScene:withOptions:traitCollection:completion: | v48@0:8@16q24@32@?40
[00:25:33.600]   -_updateForLockScreenPosterConfiguration:homeScreenPosterConfiguration: | v32@0:8@16@24
[00:25:33.600]   -_updateScreenBlanked | v16@0:8
[00:25:33.601]   -_updateWallpaperForLocations:options:wallpaperMode:withCompletion: | v48@0:8q16Q24q32@?40
[00:25:33.601]   -_updateWallpaperForLocations:options:withCompletion: | v40@0:8q16Q24@?32
[00:25:33.601]   -_wallpaperViewForVariant: | @24@0:8q16
[00:25:33.601]   -_window | @16@0:8
[00:25:33.602]   -activateOrientationSource: | v24@0:8q16
[00:25:33.602]   -activeActivityDidChangeForManager: | v24@0:8@16
[00:25:33.602]   -activeInterfaceOrientationDidChangeToOrientation:willAnimateWithDuration:fromOrientation: | v40@0:8q16d24q32
[00:25:33.603]   -activeInterfaceOrientationSourcesDescriptions | @16@0:8
[00:25:33.603]   -activeInterfaceOrientationWillChangeToOrientation: | v24@0:8q16
[00:25:33.603]   -activeOrientationSource | q16@0:8
[00:25:33.603]   -activeVariant | q16@0:8
[00:25:33.604]   -addObserver:forVariant: | v32@0:8@16q24
[00:25:33.604]   -addReachabilityObserver: | v24@0:8@16
[00:25:33.604]   -addWallpaperOverlay: | v24@0:8@16
[00:25:33.605]   -averageColorForVariant: | @24@0:8q16
[00:25:33.605]   -averageColorInRect:forVariant: | @56@0:8{CGRect={CGPoint=dd}{CGSize=dd}}16q48
[00:25:33.605]   -averageColorInRect:forVariant:withSmudgeRadius: | @64@0:8{CGRect={CGPoint=dd}{CGSize=dd}}16q48d56
[00:25:33.605]   -batterySaverAnimationAssertion | @16@0:8
[00:25:33.606]   -cachingIdentifier | @16@0:8
[00:25:33.606]   -cancelInProcessAnimations | v16@0:8
[00:25:33.606]   -contrastForVariant: | d24@0:8q16
[00:25:33.607]   -contrastInRect:forVariant: | d56@0:8{CGRect={CGPoint=dd}{CGSize=dd}}16q48
[00:25:33.608]   -createWallpaperFloatingViewForReason:ignoreReplica: | @28@0:8@16B24
[00:25:33.609]   -currentHomescreenStyleTransitionState | {?=qqd}16@0:8
[00:25:33.609]   -deactivateOrientationSource: | v24@0:8q16
[00:25:33.609]   -dealloc | v16@0:8
[00:25:33.609]   -defaultInterfaceOrientationForSource: | q24@0:8q16
[00:25:33.610]   -description | @16@0:8
[00:25:33.610]   -descriptionBuilderWithMultilinePrefix: | @24@0:8@16
[00:25:33.610]   -descriptionWithMultilinePrefix: | @24@0:8@16
[00:25:33.611]   -effectiveReachabilityYOffset | d16@0:8
[00:25:33.611]   -embeddedWindowScene | @16@0:8
[00:25:33.611]   -fakeBlurViewOverrideTraitCollection | @16@0:8
[00:25:33.611]   -homeScreenPosterMirrorsLock | B16@0:8
[00:25:33.612]   -homescreenWallpaperScale | d16@0:8
[00:25:33.612]   -init | @16@0:8
[00:25:33.612]   -initWithWallpaperConfigurationManager: | @24@0:8@16
[00:25:33.613]   -initWithWallpaperConfigurationManager:cachingIdentifier: | @32@0:8@16@24
[00:25:33.613]   -initWithWindowScene:orientation:variant:wallpaperConfigurationManager:cachingIdentifier: | @56@0:8@16q24q32@40@48
[00:25:33.613]   -irisWallpaperPlayer | @16@0:8
[00:25:33.613]   -isWindowIgnoredForReachability: | B24@0:8@16
[00:25:33.614]   -legibilityProvider | @16@0:8
[00:25:33.614]   -legibilitySettingsForVariant: | @24@0:8q16
[00:25:33.614]   -lockscreenWallpaperScale | d16@0:8
[00:25:33.615]   -minimumHomescreenWallpaperScale | d16@0:8
[00:25:33.615]   -minimumLockscreenWallpaperScale | d16@0:8
[00:25:33.615]   -newFakeBlurViewForVariant:style:transformOptions: | @40@0:8q16q24Q32
[00:25:33.615]   -orientationSource:didRotateFromInterfaceOrientation: | v32@0:8q16q24
[00:25:33.616]   -orientationSource:willAnimateRotationToInterfaceOrientation:duration: | v40@0:8q16q24d32
[00:25:33.616]   -orientationSource:willRotateToInterfaceOrientation:duration: | v40@0:8q16q24d32
[00:25:33.616]   -posterHandlesWakeAnimation | B16@0:8
[00:25:33.617]   -preheatWallpaperForVariant: | v24@0:8q16
[00:25:33.617]   -presenter | @16@0:8
[00:25:33.617]   -providerLegibilitySettingsChanged: | v24@0:8@16
[00:25:33.617]   -removeObserver:forVariant: | v32@0:8@16q24
[00:25:33.618]   -removeReachabilityObserver: | v24@0:8@16
[00:25:33.618]   -removeWallpaperOverlay: | v24@0:8@16
[00:25:33.618]   -removeWallpaperStyleForPriority:forVariant:withAnimationFactory: | B40@0:8q16q24@32
[00:25:33.619]   -requireWallpaperRasterizationWithReason: | @24@0:8@16
[00:25:33.619]   -requireWallpaperWithReason: | @24@0:8@16
[00:25:33.619]   -scenesForBacklightSession | @16@0:8
[00:25:33.620]   -setActiveVariant: | v24@0:8q16
[00:25:33.620]   -setActiveVariant:withOutAnimationFactory:inAnimationFactory:completion: | v48@0:8q16@24@32@?40
[00:25:33.620]   -setBatterySaverAnimationAssertion: | v24@0:8@16
[00:25:33.621]   -setFakeBlurViewOverrideTraitCollection: | v24@0:8@16
[00:25:33.621]   -setHomescreenWallpaperScale:withAnimationFactory: | @32@0:8d16@24
[00:25:33.621]   -setLockscreenOnlyWallpaperAlpha: | v24@0:8d16
[00:25:33.622]   -setLockscreenWallpaperScale:withAnimationFactory: | @32@0:8d16@24
[00:25:33.622]   -setOrientationProvider:forSource: | v32@0:8@16q24
[00:25:33.623]   -setWallpaperAggdLogger: | v24@0:8@16
[00:25:33.623]   -setWallpaperCoreAnalyticsLogger: | v24@0:8@16
[00:25:33.623]   -setWallpaperFloatingLayerContainerView:forReason:withAnimationFactory: | @40@0:8@16@24@32
[00:25:33.624]   -setWallpaperHidden:variant:reason: | v36@0:8B16q20@28
[00:25:33.624]   -setWallpaperObscured: | v20@0:8B16
[00:25:33.624]   -setWallpaperPresentingDelegate: | v24@0:8@16
[00:25:33.625]   -setWallpaperStyle:forPriority:forVariant:withAnimationFactory: | B48@0:8q16q24q32@40
[00:25:33.625]   -setWallpaperStyleAnimationAssertion: | v24@0:8@16
[00:25:33.625]   -setWallpaperStyleTransitionState:forPriority:forVariant:withAnimationFactory: | B64@0:8{?=qqd}16q40q48@56
[00:25:33.625]   -setWindowLevel: | v24@0:8d16
[00:25:33.626]   -setWindowScene: | v24@0:8@16
[00:25:33.626]   -settings:changedValueForKey: | v32@0:8@16@24
[00:25:33.626]   -succinctDescription | @16@0:8
[00:25:33.627]   -succinctDescriptionBuilder | @16@0:8
[00:25:33.627]   -suspendWallpaperAnimationForReason: | @24@0:8@16
[00:25:33.627]   -triggerPosterSignificantEvent | v16@0:8
[00:25:33.628]   -updateIrisWallpaperForInteractiveMode | v16@0:8
[00:25:33.628]   -updateIrisWallpaperForStaticMode | B16@0:8
[00:25:33.628]   -updateOrientationAfterSourceChange | v16@0:8
[00:25:33.628]   -updatePosterSwitcherSnapshots | v16@0:8
[00:25:33.629]   -updateWallpaperAnimationWithIconFlyInTension:friction: | v32@0:8d16d24
[00:25:33.629]   -updateWallpaperAnimationWithProgress: | v24@0:8d16
[00:25:33.629]   -updateWallpaperAnimationWithWakeSourceIsSwipeToUnlock: | v20@0:8B16
[00:25:33.630]   -updateWallpaperForLocations:wallpaperMode:withCompletion: | v40@0:8q16q24@?32
[00:25:33.630]   -updateWallpaperForLocations:withCompletion: | v32@0:8q16@?24
[00:25:33.630]   -wallpaperAggdLogger | @16@0:8
[00:25:33.631]   -wallpaperConfigurationManager | @16@0:8
[00:25:33.631]   -wallpaperCoreAnalyticsLogger | @16@0:8
[00:25:33.631]   -wallpaperGestureRecognizer | @16@0:8
[00:25:33.631]   -wallpaperPresenter:didChangeWallpaperForLocations:withConfiguration: | v40@0:8@16q24@32
[00:25:33.632]   -wallpaperPresenter:requestsOrientationWithRefresh: | q28@0:8@16B24
[00:25:33.632]   -wallpaperPresenterDidCompleteWallpaperChange: | v24@0:8@16
[00:25:33.632]   -wallpaperPresentingDelegate | @16@0:8
[00:25:33.633]   -wallpaperServer:fetchContentCutoutBoundsForVariant:orientation:completionHandler: | v48@0:8@16q24q32@?40
[00:25:33.633]   -wallpaperServer:fetchLimitedOcclusionBoundsForOrientation:completionHandler: | v40@0:8@16q24@?32
[00:25:33.633]   -wallpaperServer:fetchLockScreenContentCutoutBoundsForOrientation:completionHandler: | v40@0:8@16q24@?32
[00:25:33.633]   -wallpaperServer:fetchLockScreenMaximalContentCutoutBoundsForOrientation:completionHandler: | v40@0:8@16q24@?32
[00:25:33.634]   -wallpaperServer:fetchLockScreenTimeBoundsForOrientation:completionHandler: | v40@0:8@16q24@?32
[00:25:33.634]   -wallpaperServer:fetchObscurableBoundsForOrientation:completionHandler: | v40@0:8@16q24@?32
[00:25:33.634]   -wallpaperServer:fetchOriginalImageDataForVariant:completionHandler: | v40@0:8@16q24@?32
[00:25:33.635]   -wallpaperServer:fetchOriginalVideoURLDataForVariant:completionHandler: | v40@0:8@16q24@?32
[00:25:33.635]   -wallpaperServer:fetchSignificantEventsCounterForPosterWithIdentifier:completionHandler: | v40@0:8@16@24@?32
[00:25:33.639]   -wallpaperServer:fetchThumbnailDataForVariant:completionHandler: | v40@0:8@16q24@?32
[00:25:33.639]   -wallpaperServer:restoreDefaultWallpaperWithCompletionHandler: | v32@0:8@16@?24
[00:25:33.639]   -wallpaperServer:setWallpaperColor:darkColor:forVariants:completionHandler: | v56@0:8@16@24@32q40@?48
[00:25:33.640]   -wallpaperServer:setWallpaperColorName:forVariants:completionHandler: | v48@0:8@16@24q32@?40
[00:25:33.640]   -wallpaperServer:setWallpaperGradient:forVariants:completionHandler: | v48@0:8@16@24q32@?40
[00:25:33.640]   -wallpaperServer:setWallpaperVideoWithWallpaperMode:cropRect:wallpaperMode:completionHandler: | v80@0:8@16@24{CGRect={CGPoint=dd}{CGSize=dd}}32q64@?72
[00:25:33.640]   -wallpaperServer:triggerPosterSignificantEventCompletionHandler: | v32@0:8@16@?24
[00:25:33.641]   -wallpaperStyleAnimationAssertion | @16@0:8
[00:25:33.641]   -wallpaperView:wallpaperConfigurationIncludingValueTypes: | @32@0:8@16Q24
[00:25:33.641]   -willAnimateRotationToInterfaceOrientation:duration: | v32@0:8q16d24
[00:25:33.641]   -windowLevel | d16@0:8
[00:25:33.642]   -windowScene | @16@0:8
[00:25:33.642]   @property wallpaperAggdLogger
[00:25:33.642]   @property wallpaperCoreAnalyticsLogger
[00:25:33.643]   @property _orientation
[00:25:33.643]   @property fakeBlurViewOverrideTraitCollection
[00:25:33.643]   @property batterySaverAnimationAssertion
[00:25:33.643]   @property wallpaperStyleAnimationAssertion
[00:25:33.644]   @property windowScene
[00:25:33.644]   @property cachingIdentifier
[00:25:33.644]   @property presenter
[00:25:33.645]   @property legibilityProvider
[00:25:33.645]   @property windowLevel
[00:25:33.645]   @property wallpaperGestureRecognizer
[00:25:33.645]   @property wallpaperConfigurationManager
[00:25:33.646]   @property activeOrientationSource
[00:25:33.646]   @property hash
[00:25:33.646]   @property superclass
[00:25:33.647]   @property description
[00:25:33.647]   @property debugDescription
[00:25:33.647]   @property effectiveReachabilityYOffset
[00:25:33.647]   @property irisWallpaperPlayer
[00:25:33.648]   @property wallpaperPresentingDelegate
[00:25:33.648]   @property currentHomescreenStyleTransitionState
[00:25:33.648]   @property activeVariant
[00:25:33.649]   @property minimumHomescreenWallpaperScale
[00:25:33.649]   @property homescreenWallpaperScale
[00:25:33.649]   @property minimumLockscreenWallpaperScale
[00:25:33.650]   @property lockscreenWallpaperScale
[00:25:33.650]   @property significantEventsCounter
[00:25:33.650] -- SBFWallpaperView (super: PBUIWallpaperView) --
[00:25:33.651]   -parallaxEnabled | B16@0:8
[00:25:33.651] -- SBUIController (super: NSObject) --
[00:25:33.653]   +_effectiveStatusBarSettingsForSnapshot:sceneHandle:
[00:25:33.653]   +_transformAndFrame:forLaunchImageHostViewWithOrientation:statusBarHeight:inJailRect:
[00:25:33.653]   +_transformForStatusBarWithOrientation:scaleFactor:
[00:25:33.654]   +sharedInstance
[00:25:33.654]   +sharedInstanceIfExists
[00:25:33.654]   +statusBarFrameForDeviceApplicationSceneHandle:displayConfiguration:interfaceOrientation:statusBarStyleRequest:withinBounds:inReferenceSpace:
[00:25:33.654]   +statusBarFrameForSnapshotFrame:orientation:statusBarStyleRequest:hidden:
[00:25:33.655]   +statusBarFrameForSnapshotFrame:remainderFrame:orientation:statusBarStyleRequest:hidden:
[00:25:33.655]   +zoomViewForDeviceApplicationSceneHandle:displayConfiguration:interfaceOrientation:snapshot:snapshotSize:statusBarDescriptor:decodeImage:hasOrientationMismatchForClassicApp:customContainerBounds:
[00:25:33.655]   -.cxx_destruct | v16@0:8
[00:25:33.656]   -ACPowerChanged | v16@0:8
[00:25:33.656]   -_accessibilityWillBeginAppSwitcherRevealAnimation | v16@0:8
[00:25:33.656]   -_accessoryEndpointAttached: | v24@0:8@16
[00:25:33.656]   -_accessoryEndpointDetached: | v24@0:8@16
[00:25:33.657]   -_activateApplicationFromAccessibility: | v24@0:8@16
[00:25:33.657]   -_activateWorkspaceEntity:fromIcon:location:validator: | v48@0:8@16@24@32@?40
[00:25:33.657]   -_animationBlockingTimerFired | v16@0:8
[00:25:33.658]   -_backgroundContrastDidChange: | v24@0:8@16
[00:25:33.658]   -_blocksAnimationForAccessoryType: | B24@0:8q16
[00:25:33.658]   -_cancelDebounceWirelessChargingTimer | v16@0:8
[00:25:33.658]   -_closeOpenFolderIfNecessary | v16@0:8
[00:25:33.659]   -_currentHomeScreenLegibilitySettings | @16@0:8
[00:25:33.659]   -_debounceWirelessChargingTimerFired | v16@0:8
[00:25:33.659]   -_deviceUILocked | v16@0:8
[00:25:33.660]   -_disableWirelessChargingChimeAndScreenWakeForDuration: | v24@0:8d16
[00:25:33.660]   -_disableWirelessChargingChimeAndScreenWakeForDuration:withMotionAlarm: | v28@0:8d16B24
[00:25:33.660]   -_dismissAccessory:playChime: | v28@0:8@16B24
[00:25:33.660]   -_enumeratePowerSourcesWithBlock: | v24@0:8@?16
[00:25:33.661]   -_hideKeyboard | v16@0:8
[00:25:33.661]   -_isAppropriateToReactToAccessoryEvent | B16@0:8
[00:25:33.661]   -_isConnectedToWirelessCharging | B16@0:8
[00:25:33.662]   -_legibilitySettings | @16@0:8
[00:25:33.662]   -_playAccessoryChimeIfAppropriateForAccessory:attaching:withDelay: | v36@0:8@16B24d28
[00:25:33.662]   -_powerSourceWantsToPlayChime | B16@0:8
[00:25:33.663]   -_preferredContentSizeDidChange: | v24@0:8@16
[00:25:33.663]   -_reduceMotionStatusDidChange: | v24@0:8@16
[00:25:33.663]   -_removeReachabilityEffectViewIfNecessary | v16@0:8
[00:25:33.663]   -_removeSuppressedAccessory: | v24@0:8@16
[00:25:33.664]   -_resetWirelessChargingState | v16@0:8
[00:25:33.664]   -_setAccessoryAttachmentAnimationBlockingTimerWithDuration: | v24@0:8d16
[00:25:33.664]   -_setConnectedToWindowedAccessory: | v20@0:8B16
[00:25:33.665]   -_setDebounceWirelessChargingTimerWithDuration: | v24@0:8d16
[00:25:33.665]   -_setupHomeScreenContentBackdropView | v16@0:8
[00:25:33.665]   -_setupHomeScreenDimmingWindow | v16@0:8
[00:25:33.665]   -_shouldInitiateAnimationForAccessory: | B24@0:8@16
[00:25:33.666]   -_shouldShowAnimationForAccessory: | B24@0:8@16
[00:25:33.666]   -_storeSuppressedAccessory: | v24@0:8@16
[00:25:33.669]   -_switchToHomeScreenWallpaperAnimated: | v20@0:8B16
[00:25:33.670]   -_treatsAccessoryAsSupported: | B24@0:8@16
[00:25:33.670]   -_updateLegibility | v16@0:8
[00:25:33.670]   -_updateRequireWallpaperRasterization | v16@0:8
[00:25:33.670]   -_willRevealOrHideContentView | v16@0:8
[00:25:33.671]   -accessoryEndpointAttached:transportType:protocol:properties:forConnection: | v48@0:8@16i24i28@32@40
[00:25:33.671]   -accessoryEndpointDetached:forConnection: | v32@0:8@16@24
[00:25:33.671]   -accessoryEndpointInfoPropertyChanged:properties:forConnection: | v40@0:8@16@24@32
[00:25:33.672]   -activateApplication:fromIcon:location:activationSettings:actions: | v56@0:8@16@24@32@40@48
[00:25:33.672]   -batteryCapacity | f16@0:8
[00:25:33.672]   -batteryCapacityAsPercentage | i16@0:8
[00:25:33.672]   -beginRequiringBackdropViewForReason: | v24@0:8@16
[00:25:33.673]   -beginRequiringContentForReason: | v24@0:8@16
[00:25:33.673]   -beginRequiringContentForReason:options: | v32@0:8@16Q24
[00:25:33.673]   -beginRequiringLiveBackdropViewForReason: | v24@0:8@16
[00:25:33.674]   -cancelInProcessAnimations | v16@0:8
[00:25:33.674]   -cancelVolumeEvent | v16@0:8
[00:25:33.674]   -chargingChimeEnabled | B16@0:8
[00:25:33.674]   -connectedDevicesDidChange: | v24@0:8@16
[00:25:33.675]   -contentView | @16@0:8
[00:25:33.675]   -dealloc | v16@0:8
[00:25:33.675]   -description | @16@0:8
[00:25:33.676]   -descriptionBuilderWithMultilinePrefix: | @24@0:8@16
[00:25:33.676]   -descriptionWithMultilinePrefix: | @24@0:8@16
[00:25:33.676]   -didDetectDeviceMotion | v16@0:8
[00:25:33.676]   -disableAnimationForNextIconRotation | v16@0:8
[00:25:33.677]   -disableAppSwitchForcePressDueToHomeButtonForce | B16@0:8
[00:25:33.677]   -dissmissAlertItemsAndSheetsIfPossible | B16@0:8
[00:25:33.677]   -endRequiringBackdropViewForReason: | v24@0:8@16
[00:25:33.678]   -endRequiringContentForReason: | v24@0:8@16
[00:25:33.678]   -endRequiringLiveBackdropViewForReason: | v24@0:8@16
[00:25:33.678]   -getRotationContentSettings:forWindow: | v32@0:8^{?=BBBBBdi}16@24
[00:25:33.678]   -handleDidEndReachabilityAnimation | v16@0:8
[00:25:33.679]   -handleHomeButtonDoublePressDown | B16@0:8
[00:25:33.679]   -handleHomeButtonSinglePressUpForWindowScene: | B24@0:8@16
[00:25:33.679]   -handleHomeButtonSinglePressUpForWindowScene:withSourceType: | B32@0:8@16Q24
[00:25:33.680]   -handleVolumeButtonWithType:down: | v28@0:8q16B24
[00:25:33.680]   -handleWillBeginReachabilityAnimation | v16@0:8
[00:25:33.680]   -hasVisibleAlertItemOrSheet: | B24@0:8o^B16
[00:25:33.680]   -headsetBatteryCapacity | C16@0:8
[00:25:33.681]   -homeScreenAutorotatesEvenWhenIconIsDragging | B16@0:8
[00:25:33.681]   -homeScreenBackdropView:opaquenessDidChange: | v28@0:8@16B24
[00:25:33.681]   -iconController | @16@0:8
[00:25:33.682]   -init | @16@0:8
[00:25:33.682]   -interactionProgress:didEnd: | v28@0:8@16B24
[00:25:33.682]   -interactionProgressDidUpdate: | v24@0:8@16
[00:25:33.682]   -interfaceOrientationForWallpaperController: | q24@0:8@16
[00:25:33.683]   -isAccessoryAnimationAllowed | B16@0:8
[00:25:33.683]   -isBackdropVisible | B16@0:8
[00:25:33.683]   -isBatteryCharging | B16@0:8
[00:25:33.684]   -isConnectedToChargeIncapablePowerSource | B16@0:8
[00:25:33.684]   -isConnectedToExternalChargingSource | B16@0:8
[00:25:33.684]   -isConnectedToQiPower | B16@0:8
[00:25:33.684]   -isConnectedToUnsupportedChargingAccessory | B16@0:8
[00:25:33.685]   -isConnectedToWindowedAccessory | B16@0:8
[00:25:33.685]   -isConnectedToWirelessInternalAccessory | B16@0:8
[00:25:33.685]   -isConnectedToWirelessInternalCharger | B16@0:8
[00:25:33.686]   -isConnectedToWirelessInternalChargingAccessory | B16@0:8
[00:25:33.686]   -isFullyCharged | B16@0:8
[00:25:33.686]   -isHeadsetBatteryCharging | B16@0:8
[00:25:33.687]   -isHeadsetDocked | B16@0:8
[00:25:33.687]   -isIconListViewTornDown | B16@0:8
[00:25:33.687]   -isOnAC | B16@0:8
[00:25:33.687]   -lastAttachedAccessory | @16@0:8
[00:25:33.688]   -lastDetachedAccessory | @16@0:8
[00:25:33.688]   -noteStatusBarHeightChanged: | v24@0:8@16
[00:25:33.688]   -nudgeIconInterfaceOrientation:duration: | v32@0:8q16d24
[00:25:33.689]   -playChargingChimeIfAppropriate | v16@0:8
[00:25:33.689]   -possiblyWakeForPowerStatusChangeWithUnlockSource: | v20@0:8i16
[00:25:33.689]   -removeDetachedAccessory: | v24@0:8@16
[00:25:33.689]   -restoreContent | v16@0:8
[00:25:33.690]   -restoreContentAndUnscatterIconsAnimated: | v20@0:8B16
[00:25:33.690]   -restoreContentAndUnscatterIconsAnimated:afterDelay:withCompletion: | v36@0:8B16d20@?28
[00:25:33.690]   -restoreContentAndUnscatterIconsAnimated:withCompletion: | v28@0:8B16@?20
[00:25:33.691]   -restoreContentWithOptions: | v24@0:8Q16
[00:25:33.691]   -scalingView | @16@0:8
[00:25:33.691]   -setAllowIconRotation:forReason: | v28@0:8B16@20
[00:25:33.691]   -setChargingChimeEnabled: | v20@0:8B16
[00:25:33.692]   -setHomeScreenAlpha:behaviorMode:completion: | v40@0:8d16q24@?32
[00:25:33.692]   -setHomeScreenAutorotatesEvenWhenIconIsDragging: | v20@0:8B16
[00:25:33.692]   -setHomeScreenBackdropBlurMaterialRecipeName:behaviorMode:completion: | v40@0:8@16q24@?32
[00:25:33.693]   -setHomeScreenBlurProgress:behaviorMode:completion: | v40@0:8d16q24@?32
[00:25:33.693]   -setHomeScreenDimmingAlpha:behaviorMode:completion: | v40@0:8d16q24@?32
[00:25:33.693]   -setHomeScreenScale:behaviorMode:completion: | v40@0:8d16q24@?32
[00:25:33.693]   -setIsAccessoryAnimationAllowed: | v20@0:8B16
[00:25:33.694]   -setIsConnectedToUnsupportedChargingAccessory: | v20@0:8B16
[00:25:33.694]   -setLastAttachedAccessory: | v24@0:8@16
[00:25:33.694]   -setLastDetachedAccessory: | v24@0:8@16
[00:25:33.695]   -setLockScreenScale:withDuration:behaviorMode:completion: | v48@0:8d16d24q32@?40
[00:25:33.695]   -setPointerInteractionsEnabled: | v20@0:8B16
[00:25:33.695]   -setWindowScene: | v24@0:8@16
[00:25:33.695]   -settings:changedValueForKey: | v32@0:8@16@24
[00:25:33.696]   -statusBarOverridesDidChange: | v24@0:8@16
[00:25:33.699]   -storeAttachedAccessory: | v24@0:8@16
[00:25:33.700]   -succinctDescription | @16@0:8
[00:25:33.700]   -succinctDescriptionBuilder | @16@0:8
[00:25:33.701]   -supportsDetailedBatteryCapacity | B16@0:8
[00:25:33.701]   -suppressChimeForConnectedPowerSources | v16@0:8
[00:25:33.701]   -tearDownIconListAndBar | v16@0:8
[00:25:33.702]   -transitionSourceForIcon:iconLocation: | q32@0:8@16@24
[00:25:33.702]   -updateBatteryState: | v24@0:8@16
[00:25:33.702]   -updateStatusBarLegibilityForWindowScene: | v24@0:8@16
[00:25:33.703]   -visibleScreenCoordinatesForWindowedAccessory | {CGRect={CGPoint=dd}{CGSize=dd}}16@0:8
[00:25:33.703]   -wallpaperDidChangeForVariant: | v24@0:8q16
[00:25:33.703]   -wallpaperLegibilitySettingsDidChange:forVariant: | v32@0:8@16q24
[00:25:33.704]   -window | @16@0:8
[00:25:33.704]   -windowScene | @16@0:8
[00:25:33.704]   -windowedAccessoryDismissed | v16@0:8
[00:25:33.704]   -windowedAccessoryPresented | v16@0:8
[00:25:33.705]   -workflowClientFromWebClip:appToLaunch: | @32@0:8@16@24
[00:25:33.705]   -zStackParticipant:updatePreferences: | v32@0:8@16@24
[00:25:33.705]   -zStackParticipantDidChange: | v24@0:8@16
[00:25:33.706]   @property windowScene
[00:25:33.706]   @property iconController
[00:25:33.706]   @property chargingChimeEnabled
[00:25:33.707]   @property homeScreenAutorotatesEvenWhenIconIsDragging
[00:25:33.707]   @property hash
[00:25:33.707]   @property superclass
[00:25:33.707]   @property description
[00:25:33.708]   @property debugDescription
[00:25:33.708]   @property onAC
[00:25:33.708]   @property connectedToExternalChargingSource
[00:25:33.709]   @property connectedToWirelessInternalCharger
[00:25:33.709]   @property connectedToWirelessInternalChargingAccessory
[00:25:33.709]   @property connectedToQiPower
[00:25:33.709]   @property lastAttachedAccessory
[00:25:33.710]   @property lastDetachedAccessory
[00:25:33.710]   @property isAccessoryAnimationAllowed
[00:25:33.710] -- SBFluidSwitcherGestureManager (super: NSObject) --
[00:25:33.713]   -.cxx_destruct | v16@0:8
[00:25:33.713]   -_areContinuousExposeStripsAvailableWithReason: | B24@0:8o^@16
[00:25:33.713]   -_areContinuousExposeStripsOccludedOrHiddenWithOutReason: | B24@0:8o^@16
[00:25:33.714]   -_clearSystemApertureZStackPolicyAssistantSuppression | v16@0:8
[00:25:33.714]   -_configureChamoisGestureRecognizersIfNeeded | v16@0:8
[00:25:33.714]   -_configureFloatingApplicationGestureRecognizers | v16@0:8
[00:25:33.715]   -_configureScrunchGesture | v16@0:8
[00:25:33.715]   -_configureTapToBringItemContainerForwardGesture | v16@0:8
[00:25:33.715]   -_configureTransitionRequest:forGestureBegin: | v32@0:8@16@24
[00:25:33.716]   -_continuousExposeStripEdge | Q16@0:8
[00:25:33.716]   -_currentFloatingAppLayout | @16@0:8
[00:25:33.716]   -_currentLayoutState | @16@0:8
[00:25:33.717]   -_currentUnlockedEnvironmentMode | q16@0:8
[00:25:33.718]   -_deviceApplicationSceneEntityForFloatingApplicationGrabberTongue | @16@0:8
[00:25:33.719]   -_edgeLocationIsOutsideFloatingApplicationGrabberFreeRegion: | B24@0:8d16
[00:25:33.720]   -_firstFloatingAppLayout | @16@0:8
[00:25:33.720]   -_floatingApplicationBounds | {CGRect={CGPoint=dd}{CGSize=dd}}16@0:8
[00:25:33.721]   -_floatingConfigurationForActivatedEdge: | q24@0:8Q16
[00:25:33.722]   -_fluidSwitcherGestureTransactionClassForGestureType: | #24@0:8q16
[00:25:33.723]   -_gestureTypeForGestureRecognizer: | q24@0:8@16
[00:25:33.723]   -_grabberTongueForGestureRecognizer: | @24@0:8@16
[00:25:33.723]   -_handleClickAndDragHomeGesture: | v24@0:8@16
[00:25:33.723]   -_handleContinuousExposeStripRevealGesture: | v24@0:8@16
[00:25:33.724]   -_handleDeckSwitcherForcePressGesture: | v24@0:8@16
[00:25:33.724]   -_handleDeckSwitcherPanGesture: | v24@0:8@16
[00:25:33.724]   -_handleFloatingAppPresentGesture: | v24@0:8@16
[00:25:33.725]   -_handleFluidGesture: | v24@0:8@16
[00:25:33.725]   -_handleHoverGesture: | v24@0:8@16
[00:25:33.725]   -_handleScrunchGesture: | v24@0:8@16
[00:25:33.725]   -_handleSwitcherGestureBegan: | v24@0:8@16
[00:25:33.726]   -_handleSwitcherPanGestureBegan: | v24@0:8@16
[00:25:33.726]   -_handleSwitcherPanGestureChanged: | v24@0:8@16
[00:25:33.726]   -_handleSwitcherPanGestureEnded: | v24@0:8@16
[00:25:33.727]   -_handleTapToBringItemContainerForward: | v24@0:8@16
[00:25:33.727]   -_handleWindowDragGestureRecognizer: | v24@0:8@16
[00:25:33.727]   -_hasActiveModalFloatingApplication | B16@0:8
[00:25:33.728]   -_hideGrabberAnimated: | v20@0:8B16
[00:25:33.728]   -_indirectPresentFloatingAppGestureRecognizerForEdge: | @24@0:8Q16
[00:25:33.728]   -_isBannerOccludingRegionAtReferencePoint: | B32@0:8{CGPoint=dd}16
[00:25:33.728]   -_isEdgeLocationInHomeAffordanceRegion: | B24@0:8d16
[00:25:33.729]   -_isTransactionRunningForGestureRecognizer: | B24@0:8@16
[00:25:33.729]   -_setUpGestureRecognizers | v16@0:8
[00:25:33.729]   -_shouldAllowDeckBottomEdgeGestureToRecognizeFromEdges: | B24@0:8Q16
[00:25:33.730]   -_shouldAllowFloatingApplicationGesture:gestureType:failureReason: | B40@0:8@16Q24^@32
[00:25:33.730]   -_shouldBeginBottomEdgePanGesture: | B24@0:8@16
[00:25:33.730]   -_shouldBeginClickAndDragHomeGesture: | B24@0:8@16
[00:25:33.730]   -_shouldBeginContinuousExposeStripOverflowGesture: | B24@0:8@16
[00:25:33.731]   -_shouldBeginContinuousExposeStripOverflowPanGesture: | B24@0:8@16
[00:25:33.731]   -_shouldBeginContinuousExposeStripRevealGesture: | B24@0:8@16
[00:25:33.731]   -_shouldBeginDeckForcePressGesture: | B24@0:8@16
[00:25:33.732]   -_shouldBeginDeckInSwitcherPanGesture: | B24@0:8@16
[00:25:33.732]   -_shouldBeginFloatingApplicationMoveGesture: | B24@0:8@16
[00:25:33.732]   -_shouldBeginFloatingApplicationPinGesture: | B24@0:8@16
[00:25:33.732]   -_shouldBeginFloatingApplicationPresentGesture: | B24@0:8@16
[00:25:33.733]   -_shouldBeginFloatingApplicationSwipeUpGesture: | B24@0:8@16
[00:25:33.733]   -_shouldBeginFluidScrunchGesture: | B24@0:8@16
[00:25:33.733]   -_shouldBeginHoverGesture: | B24@0:8@16
[00:25:33.734]   -_shouldBeginIndirectFloatingAppScrunchGesture: | B24@0:8@16
[00:25:33.734]   -_shouldBeginIndirectHomePanGesture: | B24@0:8@16
[00:25:33.734]   -_shouldBeginLiveWindowResizeGesture: | B24@0:8@16
[00:25:33.735]   -_shouldBeginReachabilityGesture: | B24@0:8@16
[00:25:33.735]   -_shouldBeginSplitViewApplicationUnpinGesture: | B24@0:8@16
[00:25:33.735]   -_shouldBeginTapToBringItemContainerForwardGesture: | B24@0:8@16
[00:25:33.735]   -_shouldClickAndDragHomeGesture:receiveTouch: | B32@0:8@16@24
[00:25:33.736]   -_shouldContinuousExposeStripOverflowPanGesture:receiveTouch: | B32@0:8@16@24
[00:25:33.736]   -_shouldDeckInSwitcherPanGesture:receiveTouch: | B32@0:8@16@24
[00:25:33.736]   -_shouldFloatingApplicationMoveGesture:receiveTouch: | B32@0:8@16@24
[00:25:33.737]   -_shouldFloatingApplicationPinGesture:receiveTouch: | B32@0:8@16@24
[00:25:33.737]   -_shouldFloatingApplicationSwipeUpGesture:receiveTouch: | B32@0:8@16@24
[00:25:33.737]   -_shouldIndirectFloatingAppScrunchGesture:receiveTouch: | B32@0:8@16@24
[00:25:33.738]   -_shouldLiveResizeGesture:receiveTouch: | B32@0:8@16@24
[00:25:33.738]   -_shouldLiveResizeItemContainerGestureWithPointer:receiveTouch: | B32@0:8@16@24
[00:25:33.738]   -_shouldLiveResizeItemContainerGestureWithTouch:receiveTouch: | B32@0:8@16@24
[00:25:33.739]   -_shouldProtectEdgeLocation:edge: | B32@0:8d16Q24
[00:25:33.739]   -_shouldReachabilityGesture:receiveTouch: | B32@0:8@16@24
[00:25:33.739]   -_shouldSceneResizeGesture:receiveTouch: | B32@0:8@16@24
[00:25:33.739]   -_shouldSplitViewApplicationUnpinGesture:receiveTouch: | B32@0:8@16@24
[00:25:33.740]   -_shouldSuppressEdgeProtect | B16@0:8
[00:25:33.740]   -_shouldSuppressEdgeProtectToAllowSwipesImmediatelyAfterTransition | B16@0:8
[00:25:33.740]   -_shouldTapToBringItemContainerForward:receiveTouch: | B32@0:8@16@24
[00:25:33.741]   -_startFluidSwitcherTransactionForGestureRecognizer: | v24@0:8@16
[00:25:33.741]   -_updateDeckSwitcherForcePressGesturePresence | v16@0:8
[00:25:33.741]   -_updateDeckSwitcherInSwitcherAndReachabilityGesturePresence | v16@0:8
[00:25:33.741]   -_updateExclusionTrapezoidDebugView | v16@0:8
[00:25:33.742]   -_updateHomeGrabberViewsWithAnimationMode: | v24@0:8q16
[00:25:33.742]   -_updateReachabilityGestureSettings | v16@0:8
[00:25:33.742]   -_updateSwitcherBottomEdgeGesturePresence | v16@0:8
[00:25:33.743]   -_updateSystemApertureZStackPolicyAssistantWithLayoutState: | v24@0:8@16
[00:25:33.743]   -_updateZStackParticipantWithReason: | v24@0:8@16
[00:25:33.743]   -acquireSystemApertureSuppressionAssertionForBundleIdentifier:sceneWithIdentifier: | @32@0:8@16@24
[00:25:33.743]   -activateReachabilityGestureRecognizer | @16@0:8
[00:25:33.744]   -activeGestureTransaction | @16@0:8
[00:25:33.744]   -additionalEdgeSpacingForHomeGrabberView: | d24@0:8@16
[00:25:33.744]   -appSwitcherDefaults | @16@0:8
[00:25:33.745]   -appSwitcherSettings | @16@0:8
[00:25:33.745]   -bannerManager:willDismissPresentable:withTransitionCoordinator: | v40@0:8@16@24@32
[00:25:33.745]   -bannerManager:willPresentPresentable:withTransitionCoordinator: | v40@0:8@16@24@32
[00:25:33.745]   -clickAndDragHomeGestureRecognizer | @16@0:8
[00:25:33.746]   -configureIndirectBottomEdgePanGestureRecognizer | v16@0:8
[00:25:33.746]   -continuousExposeStripRevealGrabberTongue | @16@0:8
[00:25:33.746]   -currentHomeGrabberViews | @16@0:8
[00:25:33.747]   -customGestureRecognizerForGrabberTongue: | @24@0:8@16
[00:25:33.747]   -dealloc | v16@0:8
[00:25:33.747]   -deckGrabberTongue | @16@0:8
[00:25:33.747]   -deckInSwitcherPanGestureRecognizer | @16@0:8
[00:25:33.748]   -deckSwitcherForcePressRecognizer | @16@0:8
[00:25:33.748]   -delayedHomeGrabberUpdateTimer | @16@0:8
[00:25:33.748]   -delegate | @16@0:8
[00:25:33.749]   -description | @16@0:8
[00:25:33.749]   -descriptionBuilderWithMultilinePrefix: | @24@0:8@16
[00:25:33.749]   -descriptionWithMultilinePrefix: | @24@0:8@16
[00:25:33.749]   -displayItemLayoutAttributesCalculator | @16@0:8
[00:25:33.750]   -dragAndDropManager:didBeginDraggingWindowWithSceneIdentifier: | v32@0:8@16@24
[00:25:33.750]   -dragAndDropManager:didBeginGesture: | v32@0:8@16@24
[00:25:33.750]   -dragAndDropManager:didEndGesture: | v32@0:8@16@24
[00:25:33.751]   -dragAndDropManager:didPlatterizeWindowDragWithSceneIdentifier: | v32@0:8@16@24
[00:25:33.751]   -dragAndDropManager:didUpdateGesture: | v32@0:8@16@24
[00:25:33.751]   -dragAndDropManager:displayItemForDraggingWindowWithGestureRecognizer: | @32@0:8@16@24
[00:25:33.751]   -dragAndDropManager:sourceViewProviderForDraggingWindowWithGestureRecognizer: | @32@0:8@16@24
[00:25:33.752]   -dragAndDropManager:willEndDraggingWindowWithSceneIdentifier: | v32@0:8@16@24
[00:25:33.752]   -dragAndDropWorkspaceTransaction | @16@0:8
[00:25:33.752]   -dragContinuousExposeStripOverflowGestureRecognizer | @16@0:8
[00:25:33.753]   -edgeProtectFeedbackGenerator | @16@0:8
[00:25:33.753]   -exclusionTrapezoidDebugView | @16@0:8
[00:25:33.753]   -failMultitaskingGesturesForReason: | v24@0:8@16
[00:25:33.753]   -fluidDragAndDropManager | @16@0:8
[00:25:33.754]   -fluidScrunchGestureRecognizer | @16@0:8
[00:25:33.760]   -fluidSwitcherGestureTransaction:didBeginGesture: | v32@0:8@16@24
[00:25:33.760]   -fluidSwitcherGestureTransaction:didEndGesture: | v32@0:8@16@24
[00:25:33.761]   -fluidSwitcherGestureTransaction:didUpdateGesture: | v32@0:8@16@24
[00:25:33.761]   -gestureRecognizer:shouldBeRequiredToFailByGestureRecognizer: | B32@0:8@16@24
[00:25:33.761]   -gestureRecognizer:shouldReceiveTouch: | B32@0:8@16@24
[00:25:33.762]   -gestureRecognizer:shouldRecognizeSimultaneouslyWithGestureRecognizer: | B32@0:8@16@24
[00:25:33.762]   -gestureRecognizer:shouldRequireFailureOfGestureRecognizer: | B32@0:8@16@24
[00:25:33.762]   -gestureRecognizerShouldBegin: | B24@0:8@16
[00:25:33.762]   -grabberTongue:shouldAllowSecondSwipeWithEdgeLocation: | B32@0:8@16d24
[00:25:33.763]   -grabberTongue:shouldDismissTongueOnSecondSwipeWithEdgeLocation: | B32@0:8@16d24
[00:25:33.763]   -grabberTongue:shouldReceiveTouch: | B32@0:8@16@24
[00:25:33.763]   -grabberTongue:shouldShowTongueOnFirstSwipeWithEdgeLocation: | B32@0:8@16d24
[00:25:33.764]   -grabberTongueBeganPulling:withDistance:andVelocity:andGesture: | v48@0:8@16d24d32@40
[00:25:33.764]   -grabberTongueCanceledPulling:withDistance:andVelocity:andGesture: | v48@0:8@16d24d32@40
[00:25:33.764]   -grabberTongueDidPresentInteractively:withDistance:andVelocity: | v40@0:8@16d24d32
[00:25:33.765]   -grabberTongueEndedPulling:withDistance:andVelocity:andGesture: | v48@0:8@16d24d32@40
[00:25:33.765]   -grabberTongueOrPullEnabled:forGestureRecognizer: | B32@0:8@16@24
[00:25:33.765]   -grabberTongueUpdatedPulling:withDistance:andVelocity:andGesture: | v48@0:8@16d24d32@40
[00:25:33.765]   -grabberTongueWillDismiss: | v24@0:8@16
[00:25:33.766]   -grabberTongueWillPresent: | v24@0:8@16
[00:25:33.766]   -grabberTongueWillPresentInteractively:withDistance:andVelocity: | v40@0:8@16d24d32
[00:25:33.766]   -handleTransitionRequestForGestureComplete: | v24@0:8@16
[00:25:33.767]   -handleTransitionRequestForGestureUpdate: | v24@0:8@16
[00:25:33.767]   -homeGestureBottomEdgeRecognizer | @16@0:8
[00:25:33.767]   -homeGestureSettings | @16@0:8
[00:25:33.768]   -homeGrabberSettings | @16@0:8
[00:25:33.768]   -homeGrabberViewDidReceiveClick: | v24@0:8@16
[00:25:33.768]   -hoverGestureRecognizer | @16@0:8
[00:25:33.768]   -indirectBottomEdgePanGestureRecognizer | @16@0:8
[00:25:33.769]   -indirectContinuousExposeStripOverflowGestureRecognizer | @16@0:8
[00:25:33.769]   -indirectDismissFloatingApplicationGestureRecognizer | @16@0:8
[00:25:33.769]   -indirectFloatingAppScrunchGestureRecognizer | @16@0:8
[00:25:33.770]   -indirectPanGestureRecognizerForGrabberTongue: | @24@0:8@16
[00:25:33.770]   -indirectPanSystemGestureTypeForGrabberTongue: | Q24@0:8@16
[00:25:33.770]   -initWithSwitcherController:delegate: | @32@0:8@16@24
[00:25:33.770]   -interactivelyPresentingTongue | B16@0:8
[00:25:33.771]   -invalidate | v16@0:8
[00:25:33.771]   -isDragAndDropTransactionRunning | B16@0:8
[00:25:33.771]   -layoutStateTransitionCoordinator | @16@0:8
[00:25:33.772]   -layoutStateTransitionCoordinator:transitionDidBeginWithTransitionContext: | v32@0:8@16@24
[00:25:33.772]   -layoutStateTransitionCoordinator:transitionDidEndWithTransitionContext: | v32@0:8@16@24
[00:25:33.772]   -leftEdgeFloatingAppGrabberTongue | @16@0:8
[00:25:33.772]   -liveWindowResizeGestureRecognizer | @16@0:8
[00:25:33.773]   -moveFloatingApplicationGestureRecognizer | @16@0:8
[00:25:33.773]   -pinFloatingApplicationGestureRecognizer | @16@0:8
[00:25:33.773]   -playedEdgeProtectHaptic | B16@0:8
[00:25:33.774]   -presentContinuousExposeStripRevealGrabberTongueImmediately | v16@0:8
[00:25:33.774]   -presentedSceneBackedBanners | @16@0:8
[00:25:33.774]   -reachabilitySettings | @16@0:8
[00:25:33.774]   -relinquishHiddenAssertionForHomeGrabber: | v24@0:8@16
[00:25:33.775]   -rightEdgeFloatingAppGrabberTongue | @16@0:8
[00:25:33.775]   -sceneResizePanGestureRecognizer | @16@0:8
[00:25:33.775]   -setActivateReachabilityGestureRecognizer: | v24@0:8@16
[00:25:33.776]   -setActiveGestureTransaction: | v24@0:8@16
[00:25:33.776]   -setAppSwitcherDefaults: | v24@0:8@16
[00:25:33.776]   -setAppSwitcherSettings: | v24@0:8@16
[00:25:33.776]   -setClickAndDragHomeGestureRecognizer: | v24@0:8@16
[00:25:33.777]   -setContinuousExposeStripRevealGrabberTongue: | v24@0:8@16
[00:25:33.777]   -setCurrentHomeGrabberViews: | v24@0:8@16
[00:25:33.777]   -setDeckGrabberTongue: | v24@0:8@16
[00:25:33.778]   -setDeckInSwitcherPanGestureRecognizer: | v24@0:8@16
[00:25:33.778]   -setDeckSwitcherForcePressRecognizer: | v24@0:8@16
[00:25:33.778]   -setDelayedHomeGrabberUpdateTimer: | v24@0:8@16
[00:25:33.778]   -setDisplayItemLayoutAttributesCalculator: | v24@0:8@16
[00:25:33.779]   -setDragContinuousExposeStripOverflowGestureRecognizer: | v24@0:8@16
[00:25:33.779]   -setEdgeProtectFeedbackGenerator: | v24@0:8@16
[00:25:33.779]   -setExclusionTrapezoidDebugView: | v24@0:8@16
[00:25:33.780]   -setFluidDragAndDropManager: | v24@0:8@16
[00:25:33.780]   -setFluidScrunchGestureRecognizer: | v24@0:8@16
[00:25:33.780]   -setHomeGestureSettings: | v24@0:8@16
[00:25:33.780]   -setHomeGrabberSettings: | v24@0:8@16
[00:25:33.781]   -setHoverGestureRecognizer: | v24@0:8@16
[00:25:33.781]   -setIndirectBottomEdgePanGestureRecognizer: | v24@0:8@16
[00:25:33.781]   -setIndirectContinuousExposeStripOverflowGestureRecognizer: | v24@0:8@16
[00:25:33.782]   -setIndirectDismissFloatingApplicationGestureRecognizer: | v24@0:8@16
[00:25:33.782]   -setIndirectFloatingAppScrunchGestureRecognizer: | v24@0:8@16
[00:25:33.782]   -setInteractivelyPresentingTongue: | v20@0:8B16
[00:25:33.783]   -setLayoutStateTransitionCoordinator: | v24@0:8@16
[00:25:33.783]   -setLeftEdgeFloatingAppGrabberTongue: | v24@0:8@16
[00:25:33.783]   -setLiveWindowResizeGestureRecognizer: | v24@0:8@16
[00:25:33.783]   -setMoveFloatingApplicationGestureRecognizer: | v24@0:8@16
[00:25:33.784]   -setPinFloatingApplicationGestureRecognizer: | v24@0:8@16
[00:25:33.784]   -setPlayedEdgeProtectHaptic: | v20@0:8B16
[00:25:33.784]   -setPresentedSceneBackedBanners: | v24@0:8@16
[00:25:33.785]   -setReachabilitySettings: | v24@0:8@16
[00:25:33.785]   -setRightEdgeFloatingAppGrabberTongue: | v24@0:8@16
[00:25:33.785]   -setSceneResizePanGestureRecognizer: | v24@0:8@16
[00:25:33.786]   -setShouldRubberbandGrabberViewForReduceMotion: | v20@0:8B16
[00:25:33.786]   -setSuppressionAssertions: | v24@0:8@16
[00:25:33.786]   -setSwipeUpFloatingAppGestureRecognizer: | v24@0:8@16
[00:25:33.786]   -setSwitcherContentController: | v24@0:8@16
[00:25:33.787]   -setTapToBringItemContainerForwardGestureRecognizer: | v24@0:8@16
[00:25:33.790]   -setUnpinSplitViewApplicationGestureRecognizer: | v24@0:8@16
[00:25:33.791]   -setUsesHomeAffordanceRulesForGrabberTongue: | v20@0:8B16
[00:25:33.791]   -setZStackParticipant: | v24@0:8@16
[00:25:33.791]   -setZStackSystemAperturePolicyAssistant: | v24@0:8@16
[00:25:33.792]   -settings:changedValueForKey: | v32@0:8@16@24
[00:25:33.792]   -shouldAllowAutoHideForHomeGrabberView: | B24@0:8@16
[00:25:33.792]   -shouldAllowThinStyleForHomeGrabberView: | B24@0:8@16
[00:25:33.793]   -shouldRubberbandGrabberViewForReduceMotion | B16@0:8
[00:25:33.793]   -shouldSuppressTongueViewForGrabberTongue: | B24@0:8@16
[00:25:33.793]   -succinctDescription | @16@0:8
[00:25:33.793]   -succinctDescriptionBuilder | @16@0:8
[00:25:33.794]   -suppressionAssertions | @16@0:8
[00:25:33.794]   -swipeUpFloatingAppGestureRecognizer | @16@0:8
[00:25:33.794]   -switcherContentController | @16@0:8
[00:25:33.795]   -switcherController | @16@0:8
[00:25:33.795]   -switcherIsForegroundActive | B16@0:8
[00:25:33.795]   -systemApertureZStackPolicyAssistantDidChange: | v24@0:8@16
[00:25:33.795]   -takeHiddenAssertionForHomeGrabber: | v24@0:8@16
[00:25:33.796]   -tapToBringItemContainerForwardGestureRecognizer | @16@0:8
[00:25:33.796]   -tickleContinuousExposeStripRevealGrabberTongueIfVisible | v16@0:8
[00:25:33.796]   -unpinSplitViewApplicationGestureRecognizer | @16@0:8
[00:25:33.797]   -updateForChamoisWindowingUIEnabled: | v20@0:8B16
[00:25:33.797]   -usesHomeAffordanceRulesForGrabberTongue | B16@0:8
[00:25:33.797]   -viewForSystemGestureRecognizer: | @24@0:8@16
[00:25:33.798]   -zStackParticipant | @16@0:8
[00:25:33.798]   -zStackParticipant:updatePreferences: | v32@0:8@16@24
[00:25:33.798]   -zStackParticipantDidChange: | v24@0:8@16
[00:25:33.798]   -zStackSystemAperturePolicyAssistant | @16@0:8
[00:25:33.799]   @property switcherContentController
[00:25:33.799]   @property currentHomeGrabberViews
[00:25:33.799]   @property layoutStateTransitionCoordinator
[00:25:33.800]   @property appSwitcherDefaults
[00:25:33.800]   @property appSwitcherSettings
[00:25:33.800]   @property homeGestureSettings
[00:25:33.800]   @property homeGrabberSettings
[00:25:33.801]   @property reachabilitySettings
[00:25:33.801]   @property zStackParticipant
[00:25:33.801]   @property zStackSystemAperturePolicyAssistant
[00:25:33.802]   @property suppressionAssertions
[00:25:33.802]   @property deckInSwitcherPanGestureRecognizer
[00:25:33.803]   @property indirectBottomEdgePanGestureRecognizer
[00:25:33.803]   @property deckGrabberTongue
[00:25:33.804]   @property activateReachabilityGestureRecognizer
[00:25:33.804]   @property usesHomeAffordanceRulesForGrabberTongue
[00:25:33.804]   @property interactivelyPresentingTongue
[00:25:33.805]   @property playedEdgeProtectHaptic
[00:25:33.805]   @property edgeProtectFeedbackGenerator
[00:25:33.805]   @property delayedHomeGrabberUpdateTimer
[00:25:33.806]   @property exclusionTrapezoidDebugView
[00:25:33.806]   @property shouldRubberbandGrabberViewForReduceMotion
[00:25:33.806]   @property deckSwitcherForcePressRecognizer
[00:25:33.807]   @property fluidScrunchGestureRecognizer
[00:25:33.807]   @property clickAndDragHomeGestureRecognizer
[00:25:33.807]   @property tapToBringItemContainerForwardGestureRecognizer
[00:25:33.807]   @property presentedSceneBackedBanners
[00:25:33.808]   @property rightEdgeFloatingAppGrabberTongue
[00:25:33.808]   @property leftEdgeFloatingAppGrabberTongue
[00:25:33.808]   @property swipeUpFloatingAppGestureRecognizer
[00:25:33.809]   @property moveFloatingApplicationGestureRecognizer
[00:25:33.809]   @property indirectDismissFloatingApplicationGestureRecognizer
[00:25:33.809]   @property indirectFloatingAppScrunchGestureRecognizer
[00:25:33.809]   @property pinFloatingApplicationGestureRecognizer
[00:25:33.810]   @property unpinSplitViewApplicationGestureRecognizer
[00:25:33.810]   @property sceneResizePanGestureRecognizer
[00:25:33.810]   @property fluidDragAndDropManager
[00:25:33.811]   @property liveWindowResizeGestureRecognizer
[00:25:33.811]   @property displayItemLayoutAttributesCalculator
[00:25:33.811]   @property hoverGestureRecognizer
[00:25:33.811]   @property continuousExposeStripRevealGrabberTongue
[00:25:33.812]   @property indirectContinuousExposeStripOverflowGestureRecognizer
[00:25:33.812]   @property dragContinuousExposeStripOverflowGestureRecognizer
[00:25:33.812]   @property activeGestureTransaction
[00:25:33.813]   @property dragAndDropWorkspaceTransaction
[00:25:33.813]   @property switcherController
[00:25:33.814]   @property delegate
[00:25:33.814]   @property hash
[00:25:33.814]   @property superclass
[00:25:33.814]   @property description
[00:25:33.815]   @property debugDescription
[00:25:33.815] ===== METHOD DUMP END (from file) =====
