[00:47:04.246] ===== HIERARCHY BEGIN =====
[00:47:04.261] SBFluidSwitcherTouchPassThroughView frame={0,0 375x812} hidden=0 alpha=1.00
[00:47:04.265]   SBAppSwitcherScrollView frame={0,0 375x812} hidden=0 alpha=1.00
[00:47:04.270]   SBFluidSwitcherContentView frame={0,0 375x812} hidden=0 alpha=1.00
[00:47:04.272]   UIView frame={0,0 375x812} hidden=1 alpha=1.00
[00:47:04.277]   SBSwitcherAppSuggestionContentView frame={0,0 375x812} hidden=0 alpha=1.00
[00:47:04.278]   UIButton frame={173,742 30x30} hidden=0 alpha=1.00
[00:47:04.281]     SBFluidSwitcherSpaceUnderlayAccessoryView frame={330,154 225x487} hidden=0 alpha=1.00
[00:47:04.283]     SBReusableSnapshotItemContainer frame={330,154 225x487} hidden=0 alpha=1.00
[00:47:04.285]     SBFluidSwitcherSpaceOverlayAccessoryView frame={330,154 225x487} hidden=0 alpha=1.00
[00:47:04.286]     SBFluidSwitcherSpaceUnderlayAccessoryView frame={75,154 225x487} hidden=0 alpha=1.00
[00:47:04.287]     SBReusableSnapshotItemContainer frame={75,154 225x487} hidden=0 alpha=1.00
[00:47:04.288]     SBFluidSwitcherSpaceOverlayAccessoryView frame={75,154 225x487} hidden=0 alpha=1.00
[00:47:04.289]     UIImageView frame={0,0 30x30} hidden=0 alpha=1.00
[00:47:04.290]     UIImageView frame={7,7 16x15} hidden=0 alpha=1.00
[00:47:04.291]       _SBFActualClippingView frame={0,0 375x812} hidden=0 alpha=1.00
[00:47:04.292]       _SBFActualClippingView frame={0,0 375x812} hidden=0 alpha=1.00
[00:47:04.292]       _SBFActualClippingView frame={0,0 375x812} hidden=0 alpha=1.00
[00:47:04.293]       _SBFActualClippingView frame={0,0 375x812} hidden=0 alpha=1.00
[00:47:04.294]       _SBFActualClippingView frame={0,0 375x812} hidden=0 alpha=1.00
[00:47:04.295]       _SBFActualClippingView frame={0,0 375x812} hidden=0 alpha=1.00
[00:47:04.296]         SBFTouchPassThroughView frame={0,0 375x812} hidden=0 alpha=1.00
[00:47:04.297]         SBFluidSwitcherTouchPassThroughScrollView frame={0,-406 375x1218} hidden=0 alpha=1.00
[00:47:04.298]         SBFTouchPassThroughView frame={0,0 375x812} hidden=0 alpha=1.00
[00:47:04.299]         SBFTouchPassThroughView frame={0,0 375x812} hidden=0 alpha=1.00
[00:47:04.299]         SBFluidSwitcherTouchPassThroughScrollView frame={0,-406 375x1218} hidden=0 alpha=1.00
[00:47:04.300]         SBFTouchPassThroughView frame={0,0 375x812} hidden=0 alpha=1.00
[00:47:04.302]           SBAppSwitcherPageShadowView frame={0,0 375x812} hidden=0 alpha=0.00
[00:47:04.303]           UIView frame={0,0 375x812} hidden=0 alpha=0.00
[00:47:04.304]           SBFluidSwitcherItemContainerHeaderView frame={0,-60 375x60} hidden=0 alpha=0.94
[00:47:04.304]           SBAppSwitcherPageView frame={0,406 375x812} hidden=0 alpha=1.00
[00:47:04.305]           SBAppSwitcherPageShadowView frame={0,0 375x812} hidden=0 alpha=0.00
[00:47:04.305]           UIView frame={0,0 375x812} hidden=0 alpha=0.00
[00:47:04.306]           SBFluidSwitcherItemContainerHeaderView frame={0,-60 375x60} hidden=0 alpha=1.00
[00:47:04.306]           SBAppSwitcherPageView frame={0,406 375x812} hidden=0 alpha=1.00
[00:47:04.307]             SBFView frame={0,0 375x812} hidden=0 alpha=1.00
[00:47:04.307]             SBFluidSwitcherIconImageContainerView frame={24,8 26x26} hidden=0 alpha=1.00
[00:47:04.308]             UILabel frame={58,13 53x16} hidden=0 alpha=0.00
[00:47:04.308]             SBAppSwitcherPageShadowView frame={0,0 375x812} hidden=0 alpha=1.00
[00:47:04.309]             UIView frame={0,0 375x812} hidden=0 alpha=1.00
[00:47:04.309]             SBFView frame={0,0 375x812} hidden=0 alpha=1.00
[00:47:04.309]             SBFluidSwitcherIconImageContainerView frame={24,8 26x26} hidden=0 alpha=1.00
[00:47:04.310]             UILabel frame={58,13 31x16} hidden=0 alpha=1.00
[00:47:04.310]             SBAppSwitcherPageShadowView frame={0,0 375x812} hidden=0 alpha=1.00
[00:47:04.311]             UIView frame={0,0 375x812} hidden=0 alpha=1.00
[00:47:04.311]               UIImageView frame={0,0 26x26} hidden=0 alpha=1.00
[00:47:04.312]               SBFView frame={0,0 375x812} hidden=0 alpha=1.00
[00:47:04.312]               SBHitTestExtendedView frame={-380,0 380x812} hidden=0 alpha=1.00
[00:47:04.313]               UIView frame={-380,0 380x812} hidden=0 alpha=1.00
[00:47:04.314]               UIView frame={-380,0 380x812} hidden=0 alpha=0.00
[00:47:04.314]               UIView frame={-380,0 380x812} hidden=0 alpha=0.15
[00:47:04.316]               SBWallpaperEffectView frame={-380,0 380x812} hidden=0 alpha=0.19
[00:47:04.316]               UIView frame={-380,0 380x812} hidden=0 alpha=1.00
[00:47:04.317]               UIImageView frame={0,0 26x26} hidden=0 alpha=1.00
[00:47:04.317]               SBFView frame={0,0 375x812} hidden=0 alpha=1.00
[00:47:04.318]               SBHitTestExtendedView frame={0,0 375x812} hidden=0 alpha=1.00
[00:47:04.318]               UIView frame={0,0 375x812} hidden=0 alpha=1.00
[00:47:04.319]               UIView frame={0,0 375x812} hidden=0 alpha=0.00
[00:47:04.319]               UIView frame={0,0 375x812} hidden=0 alpha=0.00
[00:47:04.319]               UIView frame={0,0 375x812} hidden=0 alpha=1.00
[00:47:04.320]               SBWallpaperEffectView frame={0,0 375x812} hidden=0 alpha=0.00
[00:47:04.320] ===== HIERARCHY END (60 views) =====
