[00:43:59.796] mode: stock (passthrough, logging next 400 values)
[00:44:00.653] _scrollProgress -> 0.0000
[00:44:00.653] depthForIndex:0 count:22 progress:0.000 -> -0.1757
[00:44:00.654] _scaleForTransformForIndex:0 progress:0.000 -> 0.9789
[00:44:00.654] scaleForIndex:0 -> 0.6852
[00:44:00.654] _scrollProgress -> 0.0000
[00:44:00.654] _scrollProgress -> 0.0000
[00:44:00.655] depthForIndex:0 count:22 progress:0.000 -> -0.1757
[00:44:00.655] _scrollProgress -> 0.0000
[00:44:00.655] depthForIndex:0 count:22 progress:0.000 -> -0.1757
[00:44:00.656] _scaleForTransformForIndex:0 progress:0.000 -> 0.9789
[00:44:00.656] scaleForIndex:0 -> 0.6852
[00:44:00.656] leadingOffsetForIndex:0 count:22 progress:0.000 -> -0.00
[00:44:00.656] _frameForIndex:0 count:22 progress:0.000 ignoring:1 -> {-0.0,0.0 375.0x812.0}
[00:44:00.657] frameForIndex:0 -> {-0.0,-8.0 375.0x812.0}
[00:44:00.657] depthForIndex:0 count:22 progress:0.000 -> -0.1757
[00:44:00.657] _scaleForTransformForIndex:0 progress:0.000 -> 0.9789
[00:44:00.658] opacityForIndex:0 progress:0.000 -> 1.000
[00:44:00.658] _scrollProgress -> 0.0000
[00:44:00.658] depthForIndex:1 count:22 progress:0.000 -> -0.2987
[00:44:00.659] _scaleForTransformForIndex:1 progress:0.000 -> 0.9642
[00:44:00.659] scaleForIndex:1 -> 0.6749
[00:44:00.659] _scrollProgress -> 0.0000
[00:44:00.659] _scrollProgress -> 0.0000
[00:44:00.660] depthForIndex:1 count:22 progress:0.000 -> -0.2987
[00:44:00.660] _scrollProgress -> 0.0000
[00:44:00.660] depthForIndex:1 count:22 progress:0.000 -> -0.2987
[00:44:00.661] _scaleForTransformForIndex:1 progress:0.000 -> 0.9642
[00:44:00.661] scaleForIndex:1 -> 0.6749
[00:44:00.661] leadingOffsetForIndex:1 count:22 progress:0.000 -> -52.68
[00:44:00.661] _frameForIndex:1 count:22 progress:0.000 ignoring:1 -> {-52.7,0.0 375.0x812.0}
[00:44:00.662] frameForIndex:1 -> {-52.7,-8.0 375.0x812.0}
[00:44:00.662] depthForIndex:1 count:22 progress:0.000 -> -0.2987
[00:44:00.662] _scaleForTransformForIndex:1 progress:0.000 -> 0.9642
[00:44:00.663] depthForIndex:1 count:22 progress:0.000 -> -0.2987
[00:44:00.663] opacityForIndex:1 progress:0.000 -> 1.000
[00:44:00.663] _scrollProgress -> 0.0000
[00:44:00.664] depthForIndex:2 count:22 progress:0.000 -> -0.4217
[00:44:00.664] _scaleForTransformForIndex:2 progress:0.000 -> 0.9494
[00:44:00.664] scaleForIndex:2 -> 0.6646
[00:44:00.664] _scrollProgress -> 0.0000
[00:44:00.665] _scrollProgress -> 0.0000
[00:44:00.665] depthForIndex:2 count:22 progress:0.000 -> -0.4217
[00:44:00.665] _scrollProgress -> 0.0000
[00:44:00.666] depthForIndex:2 count:22 progress:0.000 -> -0.4217
[00:44:00.666] _scaleForTransformForIndex:2 progress:0.000 -> 0.9494
[00:44:00.666] scaleForIndex:2 -> 0.6646
[00:44:00.667] leadingOffsetForIndex:2 count:22 progress:0.000 -> -70.10
[00:44:00.667] _frameForIndex:2 count:22 progress:0.000 ignoring:1 -> {-70.1,0.0 375.0x812.0}
[00:44:00.667] frameForIndex:2 -> {-70.0,-8.0 375.0x812.0}
[00:44:00.667] depthForIndex:2 count:22 progress:0.000 -> -0.4217
[00:44:00.668] _scaleForTransformForIndex:2 progress:0.000 -> 0.9494
[00:44:00.668] depthForIndex:2 count:22 progress:0.000 -> -0.4217
[00:44:00.668] opacityForIndex:2 progress:0.000 -> 0.907
[00:44:00.669] _scrollProgress -> 0.0000
[00:44:00.669] depthForIndex:3 count:22 progress:0.000 -> -0.5447
[00:44:00.669] _scaleForTransformForIndex:3 progress:0.000 -> 0.9346
[00:44:00.670] scaleForIndex:3 -> 0.6542
[00:44:00.670] _scrollProgress -> 0.0000
[00:44:00.670] _scrollProgress -> 0.0000
[00:44:00.670] depthForIndex:3 count:22 progress:0.000 -> -0.5447
[00:44:00.671] _scrollProgress -> 0.0000
[00:44:00.671] depthForIndex:3 count:22 progress:0.000 -> -0.5447
[00:44:00.671] _scaleForTransformForIndex:3 progress:0.000 -> 0.9346
[00:44:00.672] scaleForIndex:3 -> 0.6542
[00:44:00.672] leadingOffsetForIndex:3 count:22 progress:0.000 -> -75.32
[00:44:00.672] _frameForIndex:3 count:22 progress:0.000 ignoring:1 -> {-75.3,0.0 375.0x812.0}
[00:44:00.672] frameForIndex:3 -> {-75.3,-8.0 375.0x812.0}
[00:44:00.673] depthForIndex:3 count:22 progress:0.000 -> -0.5447
[00:44:00.673] _scaleForTransformForIndex:3 progress:0.000 -> 0.9346
[00:44:00.673] depthForIndex:3 count:22 progress:0.000 -> -0.5447
[00:44:00.674] opacityForIndex:3 progress:0.000 -> 0.000
[00:44:00.674] _scrollProgress -> 0.0000
[00:44:00.674] depthForIndex:0 count:22 progress:0.000 -> -0.1757
[00:44:00.675] _scaleForTransformForIndex:0 progress:0.000 -> 0.9789
[00:44:00.675] scaleForIndex:0 -> 0.6852
[00:44:00.675] _scrollProgress -> 0.0000
[00:44:00.676] _scrollProgress -> 0.0000
[00:44:00.676] depthForIndex:0 count:22 progress:0.000 -> -0.1757
[00:44:00.676] _scrollProgress -> 0.0000
[00:44:00.676] depthForIndex:0 count:22 progress:0.000 -> -0.1757
[00:44:00.677] _scaleForTransformForIndex:0 progress:0.000 -> 0.9789
[00:44:00.677] scaleForIndex:0 -> 0.6852
[00:44:00.677] leadingOffsetForIndex:0 count:22 progress:0.000 -> -0.00
[00:44:00.678] _frameForIndex:0 count:22 progress:0.000 ignoring:1 -> {-0.0,0.0 375.0x812.0}
[00:44:00.678] frameForIndex:0 -> {-0.0,-8.0 375.0x812.0}
[00:44:00.678] depthForIndex:0 count:22 progress:0.000 -> -0.1757
[00:44:00.679] _scaleForTransformForIndex:0 progress:0.000 -> 0.9789
[00:44:00.679] opacityForIndex:0 progress:0.000 -> 1.000
[00:44:00.680] _scrollProgress -> 0.0000
[00:44:00.681] depthForIndex:0 count:22 progress:0.000 -> -0.1757
[00:44:00.681] _scaleForTransformForIndex:0 progress:0.000 -> 0.9789
[00:44:00.681] scaleForIndex:0 -> 0.6852
[00:44:00.682] _scrollProgress -> 0.0000
[00:44:00.682] _scrollProgress -> 0.0000
[00:44:00.682] depthForIndex:0 count:22 progress:0.000 -> -0.1757
[00:44:00.683] _scrollProgress -> 0.0000
[00:44:00.683] depthForIndex:0 count:22 progress:0.000 -> -0.1757
[00:44:00.683] _scaleForTransformForIndex:0 progress:0.000 -> 0.9789
[00:44:00.683] scaleForIndex:0 -> 0.6852
[00:44:00.684] leadingOffsetForIndex:0 count:22 progress:0.000 -> -0.00
[00:44:00.684] _frameForIndex:0 count:22 progress:0.000 ignoring:1 -> {-0.0,0.0 375.0x812.0}
[00:44:00.684] frameForIndex:0 -> {-0.0,-8.0 375.0x812.0}
[00:44:00.685] depthForIndex:0 count:22 progress:0.000 -> -0.1757
[00:44:00.685] _scaleForTransformForIndex:0 progress:0.000 -> 0.9789
[00:44:00.685] opacityForIndex:0 progress:0.000 -> 1.000
[00:44:00.686] _scrollProgress -> 0.0000
[00:44:00.686] depthForIndex:1 count:22 progress:0.000 -> -0.2987
[00:44:00.686] _scaleForTransformForIndex:1 progress:0.000 -> 0.9642
[00:44:00.687] scaleForIndex:1 -> 0.6749
[00:44:00.687] _scrollProgress -> 0.0000
[00:44:00.687] _scrollProgress -> 0.0000
[00:44:00.688] depthForIndex:1 count:22 progress:0.000 -> -0.2987
[00:44:00.689] _scrollProgress -> 0.0000
[00:44:00.689] depthForIndex:1 count:22 progress:0.000 -> -0.2987
[00:44:00.689] _scaleForTransformForIndex:1 progress:0.000 -> 0.9642
[00:44:00.690] scaleForIndex:1 -> 0.6749
[00:44:00.690] leadingOffsetForIndex:1 count:22 progress:0.000 -> -52.68
[00:44:00.690] _frameForIndex:1 count:22 progress:0.000 ignoring:1 -> {-52.7,0.0 375.0x812.0}
[00:44:00.691] frameForIndex:1 -> {-52.7,-8.0 375.0x812.0}
[00:44:00.691] depthForIndex:1 count:22 progress:0.000 -> -0.2987
[00:44:00.691] _scaleForTransformForIndex:1 progress:0.000 -> 0.9642
[00:44:00.691] depthForIndex:1 count:22 progress:0.000 -> -0.2987
[00:44:00.692] opacityForIndex:1 progress:0.000 -> 1.000
[00:44:00.692] _scrollProgress -> 0.0000
[00:44:00.692] depthForIndex:2 count:22 progress:0.000 -> -0.4217
[00:44:00.693] _scaleForTransformForIndex:2 progress:0.000 -> 0.9494
[00:44:00.693] scaleForIndex:2 -> 0.6646
[00:44:00.693] _scrollProgress -> 0.0000
[00:44:00.694] _scrollProgress -> 0.0000
[00:44:00.694] depthForIndex:2 count:22 progress:0.000 -> -0.4217
[00:44:00.694] _scrollProgress -> 0.0000
[00:44:00.694] depthForIndex:2 count:22 progress:0.000 -> -0.4217
[00:44:00.695] _scaleForTransformForIndex:2 progress:0.000 -> 0.9494
[00:44:00.695] scaleForIndex:2 -> 0.6646
[00:44:00.695] leadingOffsetForIndex:2 count:22 progress:0.000 -> -70.10
[00:44:00.696] _frameForIndex:2 count:22 progress:0.000 ignoring:1 -> {-70.1,0.0 375.0x812.0}
[00:44:00.696] frameForIndex:2 -> {-70.0,-8.0 375.0x812.0}
[00:44:00.696] depthForIndex:2 count:22 progress:0.000 -> -0.4217
[00:44:00.697] _scaleForTransformForIndex:2 progress:0.000 -> 0.9494
[00:44:00.697] depthForIndex:2 count:22 progress:0.000 -> -0.4217
[00:44:00.697] opacityForIndex:2 progress:0.000 -> 0.907
[00:44:00.701] _scrollProgress -> 0.0000
[00:44:00.701] depthForIndex:3 count:22 progress:0.000 -> -0.5447
[00:44:00.702] _scaleForTransformForIndex:3 progress:0.000 -> 0.9346
[00:44:00.702] scaleForIndex:3 -> 0.6542
[00:44:00.702] _scrollProgress -> 0.0000
[00:44:00.703] _scrollProgress -> 0.0000
[00:44:00.703] depthForIndex:3 count:22 progress:0.000 -> -0.5447
[00:44:00.703] _scrollProgress -> 0.0000
[00:44:00.704] depthForIndex:3 count:22 progress:0.000 -> -0.5447
[00:44:00.704] _scaleForTransformForIndex:3 progress:0.000 -> 0.9346
[00:44:00.704] scaleForIndex:3 -> 0.6542
[00:44:00.705] leadingOffsetForIndex:3 count:22 progress:0.000 -> -75.32
[00:44:00.705] _frameForIndex:3 count:22 progress:0.000 ignoring:1 -> {-75.3,0.0 375.0x812.0}
[00:44:00.705] frameForIndex:3 -> {-75.3,-8.0 375.0x812.0}
[00:44:00.706] depthForIndex:3 count:22 progress:0.000 -> -0.5447
[00:44:00.706] _scaleForTransformForIndex:3 progress:0.000 -> 0.9346
[00:44:00.706] depthForIndex:3 count:22 progress:0.000 -> -0.5447
[00:44:00.706] opacityForIndex:3 progress:0.000 -> 0.000
[00:44:00.707] _scrollProgress -> 0.0000
[00:44:00.707] depthForIndex:0 count:22 progress:0.000 -> -0.1757
[00:44:00.707] _scaleForTransformForIndex:0 progress:0.000 -> 0.9789
[00:44:00.708] scaleForIndex:0 -> 0.6852
[00:44:00.708] _scrollProgress -> 0.0000
[00:44:00.708] _scrollProgress -> 0.0000
[00:44:00.709] depthForIndex:0 count:22 progress:0.000 -> -0.1757
[00:44:00.709] _scrollProgress -> 0.0000
[00:44:00.709] depthForIndex:0 count:22 progress:0.000 -> -0.1757
[00:44:00.709] _scaleForTransformForIndex:0 progress:0.000 -> 0.9789
[00:44:00.710] scaleForIndex:0 -> 0.6852
[00:44:00.710] leadingOffsetForIndex:0 count:22 progress:0.000 -> -0.00
[00:44:00.710] _frameForIndex:0 count:22 progress:0.000 ignoring:1 -> {-0.0,0.0 375.0x812.0}
[00:44:00.711] frameForIndex:0 -> {-0.0,-8.0 375.0x812.0}
[00:44:00.711] depthForIndex:0 count:22 progress:0.000 -> -0.1757
[00:44:00.711] _scaleForTransformForIndex:0 progress:0.000 -> 0.9789
[00:44:00.712] opacityForIndex:0 progress:0.000 -> 1.000
[00:44:00.713] _scrollProgress -> 0.0000
[00:44:00.714] depthForIndex:0 count:22 progress:0.000 -> -0.1757
[00:44:00.714] _scaleForTransformForIndex:0 progress:0.000 -> 0.9789
[00:44:00.714] scaleForIndex:0 -> 0.6852
[00:44:00.714] _scrollProgress -> 0.0000
[00:44:00.715] _scrollProgress -> 0.0000
[00:44:00.715] depthForIndex:0 count:22 progress:0.000 -> -0.1757
[00:44:00.715] _scrollProgress -> 0.0000
[00:44:00.716] depthForIndex:0 count:22 progress:0.000 -> -0.1757
[00:44:00.716] _scaleForTransformForIndex:0 progress:0.000 -> 0.9789
[00:44:00.716] scaleForIndex:0 -> 0.6852
[00:44:00.717] leadingOffsetForIndex:0 count:22 progress:0.000 -> -0.00
[00:44:00.717] _frameForIndex:0 count:22 progress:0.000 ignoring:1 -> {-0.0,0.0 375.0x812.0}
[00:44:00.717] frameForIndex:0 -> {-0.0,-8.0 375.0x812.0}
[00:44:00.717] depthForIndex:0 count:22 progress:0.000 -> -0.1757
[00:44:00.718] _scaleForTransformForIndex:0 progress:0.000 -> 0.9789
[00:44:00.718] opacityForIndex:0 progress:0.000 -> 1.000
[00:44:00.718] _scrollProgress -> 0.0000
[00:44:00.719] depthForIndex:1 count:22 progress:0.000 -> -0.2987
[00:44:00.719] _scaleForTransformForIndex:1 progress:0.000 -> 0.9642
[00:44:00.719] scaleForIndex:1 -> 0.6749
[00:44:00.720] _scrollProgress -> 0.0000
[00:44:00.720] _scrollProgress -> 0.0000
[00:44:00.720] depthForIndex:1 count:22 progress:0.000 -> -0.2987
[00:44:00.720] _scrollProgress -> 0.0000
[00:44:00.721] depthForIndex:1 count:22 progress:0.000 -> -0.2987
[00:44:00.721] _scaleForTransformForIndex:1 progress:0.000 -> 0.9642
[00:44:00.721] scaleForIndex:1 -> 0.6749
[00:44:00.722] leadingOffsetForIndex:1 count:22 progress:0.000 -> -52.68
[00:44:00.722] _frameForIndex:1 count:22 progress:0.000 ignoring:1 -> {-52.7,0.0 375.0x812.0}
[00:44:00.722] frameForIndex:1 -> {-52.7,-8.0 375.0x812.0}
[00:44:00.723] depthForIndex:1 count:22 progress:0.000 -> -0.2987
[00:44:00.723] _scaleForTransformForIndex:1 progress:0.000 -> 0.9642
[00:44:00.723] depthForIndex:1 count:22 progress:0.000 -> -0.2987
[00:44:00.724] opacityForIndex:1 progress:0.000 -> 1.000
[00:44:00.724] _scrollProgress -> 0.0000
[00:44:00.724] depthForIndex:2 count:22 progress:0.000 -> -0.4217
[00:44:00.725] _scaleForTransformForIndex:2 progress:0.000 -> 0.9494
[00:44:00.725] scaleForIndex:2 -> 0.6646
[00:44:00.725] _scrollProgress -> 0.0000
[00:44:00.725] _scrollProgress -> 0.0000
[00:44:00.726] depthForIndex:2 count:22 progress:0.000 -> -0.4217
[00:44:00.726] _scrollProgress -> 0.0000
[00:44:00.726] depthForIndex:2 count:22 progress:0.000 -> -0.4217
[00:44:00.727] _scaleForTransformForIndex:2 progress:0.000 -> 0.9494
[00:44:00.727] scaleForIndex:2 -> 0.6646
[00:44:00.727] leadingOffsetForIndex:2 count:22 progress:0.000 -> -70.10
[00:44:00.731] _frameForIndex:2 count:22 progress:0.000 ignoring:1 -> {-70.1,0.0 375.0x812.0}
[00:44:00.732] frameForIndex:2 -> {-70.0,-8.0 375.0x812.0}
[00:44:00.732] depthForIndex:2 count:22 progress:0.000 -> -0.4217
[00:44:00.732] _scaleForTransformForIndex:2 progress:0.000 -> 0.9494
[00:44:00.733] depthForIndex:2 count:22 progress:0.000 -> -0.4217
[00:44:00.733] opacityForIndex:2 progress:0.000 -> 0.907
[00:44:00.733] _scrollProgress -> 0.0000
[00:44:00.734] depthForIndex:3 count:22 progress:0.000 -> -0.5447
[00:44:00.734] _scaleForTransformForIndex:3 progress:0.000 -> 0.9346
[00:44:00.734] scaleForIndex:3 -> 0.6542
[00:44:00.735] _scrollProgress -> 0.0000
[00:44:00.735] _scrollProgress -> 0.0000
[00:44:00.735] depthForIndex:3 count:22 progress:0.000 -> -0.5447
[00:44:00.736] _scrollProgress -> 0.0000
[00:44:00.736] depthForIndex:3 count:22 progress:0.000 -> -0.5447
[00:44:00.736] _scaleForTransformForIndex:3 progress:0.000 -> 0.9346
[00:44:00.736] scaleForIndex:3 -> 0.6542
[00:44:00.737] leadingOffsetForIndex:3 count:22 progress:0.000 -> -75.32
[00:44:00.737] _frameForIndex:3 count:22 progress:0.000 ignoring:1 -> {-75.3,0.0 375.0x812.0}
[00:44:00.737] frameForIndex:3 -> {-75.3,-8.0 375.0x812.0}
[00:44:00.739] depthForIndex:3 count:22 progress:0.000 -> -0.5447
[00:44:00.740] _scaleForTransformForIndex:3 progress:0.000 -> 0.9346
[00:44:00.740] depthForIndex:3 count:22 progress:0.000 -> -0.5447
[00:44:00.740] opacityForIndex:3 progress:0.000 -> 0.000
[00:44:00.741] _scrollProgress -> 0.0000
[00:44:00.741] depthForIndex:0 count:22 progress:0.000 -> -0.1757
[00:44:00.741] _scaleForTransformForIndex:0 progress:0.000 -> 0.9789
[00:44:00.742] scaleForIndex:0 -> 0.6852
[00:44:00.742] _scrollProgress -> 0.0000
[00:44:00.742] _scrollProgress -> 0.0000
[00:44:00.743] depthForIndex:0 count:22 progress:0.000 -> -0.1757
[00:44:00.743] _scrollProgress -> 0.0000
[00:44:00.743] depthForIndex:0 count:22 progress:0.000 -> -0.1757
[00:44:00.744] _scaleForTransformForIndex:0 progress:0.000 -> 0.9789
[00:44:00.744] scaleForIndex:0 -> 0.6852
[00:44:00.744] leadingOffsetForIndex:0 count:22 progress:0.000 -> -0.00
[00:44:00.744] _frameForIndex:0 count:22 progress:0.000 ignoring:1 -> {-0.0,0.0 375.0x812.0}
[00:44:00.745] frameForIndex:0 -> {-0.0,-8.0 375.0x812.0}
[00:44:00.745] depthForIndex:0 count:22 progress:0.000 -> -0.1757
[00:44:00.745] _scaleForTransformForIndex:0 progress:0.000 -> 0.9789
[00:44:00.746] opacityForIndex:0 progress:0.000 -> 1.000
[00:44:00.754] _scrollProgress -> 0.0000
[00:44:00.754] depthForIndex:2 count:22 progress:0.000 -> -0.4217
[00:44:00.755] _scrollProgress -> 0.0000
[00:44:00.755] depthForIndex:2 count:22 progress:0.000 -> -0.4217
[00:44:00.755] _scaleForTransformForIndex:2 progress:0.000 -> 0.9494
[00:44:00.756] scaleForIndex:2 -> 0.6646
[00:44:00.756] leadingOffsetForIndex:2 count:22 progress:0.000 -> -70.10
[00:44:00.756] _frameForIndex:2 count:22 progress:0.000 ignoring:1 -> {-70.1,0.0 375.0x812.0}
[00:44:00.756] frameForIndex:2 -> {-70.0,-8.0 375.0x812.0}
[00:44:00.757] _scrollProgress -> 0.0000
[00:44:00.757] depthForIndex:2 count:22 progress:0.000 -> -0.4217
[00:44:00.758] _scaleForTransformForIndex:2 progress:0.000 -> 0.9494
[00:44:00.758] scaleForIndex:2 -> 0.6646
[00:44:00.758] _scrollProgress -> 0.0000
[00:44:00.759] depthForIndex:0 count:22 progress:0.000 -> -0.1757
[00:44:00.759] _scaleForTransformForIndex:0 progress:0.000 -> 0.9789
[00:44:00.759] scaleForIndex:0 -> 0.6852
[00:44:00.760] _scrollProgress -> 0.0000
[00:44:00.760] _scrollProgress -> 0.0000
[00:44:00.760] depthForIndex:0 count:22 progress:0.000 -> -0.1757
[00:44:00.761] _scrollProgress -> 0.0000
[00:44:00.761] depthForIndex:0 count:22 progress:0.000 -> -0.1757
[00:44:00.761] _scaleForTransformForIndex:0 progress:0.000 -> 0.9789
[00:44:00.761] scaleForIndex:0 -> 0.6852
[00:44:00.762] leadingOffsetForIndex:0 count:22 progress:0.000 -> -0.00
[00:44:00.762] _frameForIndex:0 count:22 progress:0.000 ignoring:1 -> {-0.0,0.0 375.0x812.0}
[00:44:00.762] frameForIndex:0 -> {-0.0,-8.0 375.0x812.0}
[00:44:00.763] depthForIndex:0 count:22 progress:0.000 -> -0.1757
[00:44:00.763] _scaleForTransformForIndex:0 progress:0.000 -> 0.9789
[00:44:00.763] opacityForIndex:0 progress:0.000 -> 1.000
[00:44:00.764] _scrollProgress -> 0.0000
[00:44:00.764] depthForIndex:1 count:22 progress:0.000 -> -0.2987
[00:44:00.764] _scaleForTransformForIndex:1 progress:0.000 -> 0.9642
[00:44:00.765] scaleForIndex:1 -> 0.6749
[00:44:00.765] _scrollProgress -> 0.0000
[00:44:00.765] _scrollProgress -> 0.0000
[00:44:00.766] depthForIndex:1 count:22 progress:0.000 -> -0.2987
[00:44:00.766] _scrollProgress -> 0.0000
[00:44:00.766] depthForIndex:1 count:22 progress:0.000 -> -0.2987
[00:44:00.766] _scaleForTransformForIndex:1 progress:0.000 -> 0.9642
[00:44:00.767] scaleForIndex:1 -> 0.6749
[00:44:00.767] leadingOffsetForIndex:1 count:22 progress:0.000 -> -52.68
[00:44:00.767] _frameForIndex:1 count:22 progress:0.000 ignoring:1 -> {-52.7,0.0 375.0x812.0}
[00:44:00.768] frameForIndex:1 -> {-52.7,-8.0 375.0x812.0}
[00:44:00.768] depthForIndex:1 count:22 progress:0.000 -> -0.2987
[00:44:00.768] _scaleForTransformForIndex:1 progress:0.000 -> 0.9642
[00:44:00.769] depthForIndex:1 count:22 progress:0.000 -> -0.2987
[00:44:00.769] opacityForIndex:1 progress:0.000 -> 1.000
[00:44:00.769] _scrollProgress -> 0.0000
[00:44:00.769] depthForIndex:2 count:22 progress:0.000 -> -0.4217
[00:44:00.770] _scaleForTransformForIndex:2 progress:0.000 -> 0.9494
[00:44:00.770] scaleForIndex:2 -> 0.6646
[00:44:00.770] _scrollProgress -> 0.0000
[00:44:00.771] _scrollProgress -> 0.0000
[00:44:00.771] depthForIndex:2 count:22 progress:0.000 -> -0.4217
[00:44:00.771] _scrollProgress -> 0.0000
[00:44:00.772] depthForIndex:2 count:22 progress:0.000 -> -0.4217
[00:44:00.772] _scaleForTransformForIndex:2 progress:0.000 -> 0.9494
[00:44:00.772] scaleForIndex:2 -> 0.6646
[00:44:00.773] leadingOffsetForIndex:2 count:22 progress:0.000 -> -70.10
[00:44:00.773] _frameForIndex:2 count:22 progress:0.000 ignoring:1 -> {-70.1,0.0 375.0x812.0}
[00:44:00.773] frameForIndex:2 -> {-70.0,-8.0 375.0x812.0}
[00:44:00.774] depthForIndex:2 count:22 progress:0.000 -> -0.4217
[00:44:00.774] _scaleForTransformForIndex:2 progress:0.000 -> 0.9494
[00:44:00.774] depthForIndex:2 count:22 progress:0.000 -> -0.4217
[00:44:00.775] opacityForIndex:2 progress:0.000 -> 0.907
[00:44:00.775] _scrollProgress -> 0.0000
[00:44:00.775] depthForIndex:3 count:22 progress:0.000 -> -0.5447
[00:44:00.775] _scaleForTransformForIndex:3 progress:0.000 -> 0.9346
[00:44:00.776] scaleForIndex:3 -> 0.6542
[00:44:00.776] _scrollProgress -> 0.0000
[00:44:00.776] _scrollProgress -> 0.0000
[00:44:00.777] depthForIndex:3 count:22 progress:0.000 -> -0.5447
[00:44:00.777] _scrollProgress -> 0.0000
[00:44:00.777] depthForIndex:3 count:22 progress:0.000 -> -0.5447
[00:44:00.778] _scaleForTransformForIndex:3 progress:0.000 -> 0.9346
[00:44:00.778] scaleForIndex:3 -> 0.6542
[00:44:00.778] leadingOffsetForIndex:3 count:22 progress:0.000 -> -75.32
[00:44:00.778] _frameForIndex:3 count:22 progress:0.000 ignoring:1 -> {-75.3,0.0 375.0x812.0}
[00:44:00.779] frameForIndex:3 -> {-75.3,-8.0 375.0x812.0}
[00:44:00.779] depthForIndex:3 count:22 progress:0.000 -> -0.5447
[00:44:00.779] _scaleForTransformForIndex:3 progress:0.000 -> 0.9346
[00:44:00.780] depthForIndex:3 count:22 progress:0.000 -> -0.5447
[00:44:00.780] opacityForIndex:3 progress:0.000 -> 0.000
[00:44:00.780] _scrollProgress -> 0.0000
[00:44:00.781] depthForIndex:0 count:22 progress:0.000 -> -0.1757
[00:44:00.781] _scaleForTransformForIndex:0 progress:0.000 -> 0.9789
[00:44:00.781] scaleForIndex:0 -> 0.6852
[00:44:00.782] _scrollProgress -> 0.0000
[00:44:00.782] _scrollProgress -> 0.0000
[00:44:00.782] depthForIndex:0 count:22 progress:0.000 -> -0.1757
[00:44:00.783] _scrollProgress -> 0.0000
[00:44:00.783] depthForIndex:0 count:22 progress:0.000 -> -0.1757
[00:44:00.783] _scaleForTransformForIndex:0 progress:0.000 -> 0.9789
[00:44:00.784] scaleForIndex:0 -> 0.6852
[00:44:00.784] leadingOffsetForIndex:0 count:22 progress:0.000 -> -0.00
[00:44:00.784] _frameForIndex:0 count:22 progress:0.000 ignoring:1 -> {-0.0,0.0 375.0x812.0}
[00:44:00.784] frameForIndex:0 -> {-0.0,-8.0 375.0x812.0}
[00:44:00.785] depthForIndex:0 count:22 progress:0.000 -> -0.1757
[00:44:00.785] _scaleForTransformForIndex:0 progress:0.000 -> 0.9789
[00:44:00.785] opacityForIndex:0 progress:0.000 -> 1.000
[00:44:00.786] _scrollProgress -> 0.0000
[00:44:00.786] depthForIndex:0 count:22 progress:0.000 -> -0.1757
[00:44:00.786] _scrollProgress -> 0.0000
[00:44:00.787] depthForIndex:0 count:22 progress:0.000 -> -0.1757
[00:44:00.787] _scaleForTransformForIndex:0 progress:0.000 -> 0.9789
[00:44:00.787] scaleForIndex:0 -> 0.6852
[00:44:00.788] leadingOffsetForIndex:0 count:22 progress:0.000 -> -0.00
[00:44:00.788] _frameForIndex:0 count:22 progress:0.000 ignoring:1 -> {-0.0,0.0 375.0x812.0}
[00:44:00.792] frameForIndex:0 -> {-0.0,-8.0 375.0x812.0}
[00:44:00.792] _scrollProgress -> 0.0000
[00:44:00.793] depthForIndex:0 count:22 progress:0.000 -> -0.1757
[00:44:00.793] _scaleForTransformForIndex:0 progress:0.000 -> 0.9789
[00:44:00.794] scaleForIndex:0 -> 0.6852
[00:44:00.794] _scrollProgress -> 0.0000
[00:44:00.794] depthForIndex:2 count:22 progress:0.000 -> -0.4217
[00:44:00.795] _scaleForTransformForIndex:2 progress:0.000 -> 0.9494
[00:44:00.795] scaleForIndex:2 -> 0.6646
[00:44:00.795] cornerRadiiForIndex:2 -> {39.0,39.0,39.0,39.0}
[00:44:00.796] _scrollProgress -> 0.0000
[00:44:00.796] depthForIndex:2 count:22 progress:0.000 -> -0.4217
[00:44:00.796] _scrollProgress -> 0.0000
[00:44:00.797] depthForIndex:2 count:22 progress:0.000 -> -0.4217
[00:44:00.797] _scaleForTransformForIndex:2 progress:0.000 -> 0.9494
[00:44:00.797] scaleForIndex:2 -> 0.6646
[00:44:00.798] leadingOffsetForIndex:2 count:22 progress:0.000 -> -70.10
[00:44:00.798] _frameForIndex:2 count:22 progress:0.000 ignoring:1 -> {-70.1,0.0 375.0x812.0}
[00:44:00.798] frameForIndex:2 -> {-70.0,-8.0 375.0x812.0}
[00:44:00.799] _scrollProgress -> 0.0000
[00:44:00.799] depthForIndex:2 count:22 progress:0.000 -> -0.4217
[00:44:00.799] _scaleForTransformForIndex:2 progress:0.000 -> 0.9494
[00:44:00.799] scaleForIndex:2 -> 0.6646
[00:44:00.801] _scrollProgress -> 0.0000
[00:44:00.802] depthForIndex:2 count:22 progress:0.000 -> -0.4217
[00:44:00.802] _scrollProgress -> 0.0000
[00:44:00.802] depthForIndex:2 count:22 progress:0.000 -> -0.4217
[00:44:01.057] toggle-switcher: SBMainSwitcherControllerCoordinator result=1
[00:44:07.189] toggle-switcher: SBMainSwitcherControllerCoordinator result=1
